This is pdfTeX, Version 3.1415926-1.40.10 (TeX Live 2009/Debian) (format=pdflatex 2012.5.23)  28 JUL 2012 22:10
entering extended mode
 %&-line parsing enabled.
**thesis.tex
(./thesis.tex
LaTeX2e <2009/09/24>
Babel <v3.8l> and hyphenation patterns for english, usenglishmax, dumylang, noh
yphenation, ngerman, german, german-x-2009-06-19, ngerman-x-2009-06-19, loaded.

(/usr/share/texmf-texlive/tex/latex/base/article.cls
Document Class: article 2007/10/19 v1.4h Standard LaTeX document class
(/usr/share/texmf-texlive/tex/latex/base/size10.clo
File: size10.clo 2007/10/19 v1.4h Standard LaTeX file (size option)
)
\c@part=\count79
\c@section=\count80
\c@subsection=\count81
\c@subsubsection=\count82
\c@paragraph=\count83
\c@subparagraph=\count84
\c@figure=\count85
\c@table=\count86
\abovecaptionskip=\skip41
\belowcaptionskip=\skip42
\bibindent=\dimen102
)
(/usr/share/texmf-texlive/tex/latex/graphics/graphicx.sty
Package: graphicx 1999/02/16 v1.0f Enhanced LaTeX Graphics (DPC,SPQR)

(/usr/share/texmf-texlive/tex/latex/graphics/keyval.sty
Package: keyval 1999/03/16 v1.13 key=value parser (DPC)
\KV@toks@=\toks14
)
(/usr/share/texmf-texlive/tex/latex/graphics/graphics.sty
Package: graphics 2009/02/05 v1.0o Standard LaTeX Graphics (DPC,SPQR)

(/usr/share/texmf-texlive/tex/latex/graphics/trig.sty
Package: trig 1999/03/16 v1.09 sin cos tan (DPC)
)
(/etc/texmf/tex/latex/config/graphics.cfg
File: graphics.cfg 2009/08/28 v1.8 graphics configuration of TeX Live
)
Package graphics Info: Driver file: pdftex.def on input line 91.

(/usr/share/texmf-texlive/tex/latex/pdftex-def/pdftex.def
File: pdftex.def 2010/03/12 v0.04p Graphics/color for pdfTeX
\Gread@gobject=\count87
))
\Gin@req@height=\dimen103
\Gin@req@width=\dimen104
)
(/usr/share/texmf-texlive/tex/latex/amsmath/amsmath.sty
Package: amsmath 2000/07/18 v2.13 AMS math features
\@mathmargin=\skip43

For additional information on amsmath, use the `?' option.
(/usr/share/texmf-texlive/tex/latex/amsmath/amstext.sty
Package: amstext 2000/06/29 v2.01

(/usr/share/texmf-texlive/tex/latex/amsmath/amsgen.sty
File: amsgen.sty 1999/11/30 v2.0
\@emptytoks=\toks15
\ex@=\dimen105
))
(/usr/share/texmf-texlive/tex/latex/amsmath/amsbsy.sty
Package: amsbsy 1999/11/29 v1.2d
\pmbraise@=\dimen106
)
(/usr/share/texmf-texlive/tex/latex/amsmath/amsopn.sty
Package: amsopn 1999/12/14 v2.01 operator names
)
\inf@bad=\count88
LaTeX Info: Redefining \frac on input line 211.
\uproot@=\count89
\leftroot@=\count90
LaTeX Info: Redefining \overline on input line 307.
\classnum@=\count91
\DOTSCASE@=\count92
LaTeX Info: Redefining \ldots on input line 379.
LaTeX Info: Redefining \dots on input line 382.
LaTeX Info: Redefining \cdots on input line 467.
\Mathstrutbox@=\box26
\strutbox@=\box27
\big@size=\dimen107
LaTeX Font Info:    Redeclaring font encoding OML on input line 567.
LaTeX Font Info:    Redeclaring font encoding OMS on input line 568.
\macc@depth=\count93
\c@MaxMatrixCols=\count94
\dotsspace@=\muskip10
\c@parentequation=\count95
\dspbrk@lvl=\count96
\tag@help=\toks16
\row@=\count97
\column@=\count98
\maxfields@=\count99
\andhelp@=\toks17
\eqnshift@=\dimen108
\alignsep@=\dimen109
\tagshift@=\dimen110
\tagwidth@=\dimen111
\totwidth@=\dimen112
\lineht@=\dimen113
\@envbody=\toks18
\multlinegap=\skip44
\multlinetaggap=\skip45
\mathdisplay@stack=\toks19
LaTeX Info: Redefining \[ on input line 2666.
LaTeX Info: Redefining \] on input line 2667.
)
(/usr/share/texmf-texlive/tex/latex/amsfonts/amssymb.sty
Package: amssymb 2009/06/22 v3.00

(/usr/share/texmf-texlive/tex/latex/amsfonts/amsfonts.sty
Package: amsfonts 2009/06/22 v3.00 Basic AMSFonts support
\symAMSa=\mathgroup4
\symAMSb=\mathgroup5
LaTeX Font Info:    Overwriting math alphabet `\mathfrak' in version `bold'
(Font)                  U/euf/m/n --> U/euf/b/n on input line 96.
))
(/usr/share/texmf-texlive/tex/latex/placeins/placeins.sty
Package: placeins 2005/04/18  v 2.2
)
(/usr/share/texmf-texlive/tex/latex/mh/mathtools.sty
Package: mathtools 2008/08/01 v1.06 mathematical typesetting tools (MH)

(/usr/share/texmf-texlive/tex/latex/tools/calc.sty
Package: calc 2007/08/22 v4.3 Infix arithmetic (KKT,FJ)
\calc@Acount=\count100
\calc@Bcount=\count101
\calc@Adimen=\dimen114
\calc@Bdimen=\dimen115
\calc@Askip=\skip46
\calc@Bskip=\skip47
LaTeX Info: Redefining \setlength on input line 76.
LaTeX Info: Redefining \addtolength on input line 77.
\calc@Ccount=\count102
\calc@Cskip=\skip48
)
(/usr/share/texmf-texlive/tex/latex/mh/mhsetup.sty
Package: mhsetup 2007/12/03 v1.2 programming setup (MH)
)
\g_MT_multlinerow_int=\count103
\l_MT_multwidth_dim=\dimen116
)
(/usr/share/texmf-texlive/tex/latex/base/inputenc.sty
Package: inputenc 2008/03/30 v1.1d Input encoding file
\inpenc@prehook=\toks20
\inpenc@posthook=\toks21

(/usr/share/texmf-texlive/tex/latex/base/ansinew.def
File: ansinew.def 2008/03/30 v1.1d Input encoding file
))
(/usr/share/texmf-texlive/tex/generic/babel/babel.sty
Package: babel 2008/07/06 v3.8l The Babel package

(/usr/share/texmf-texlive/tex/generic/babel/germanb.ldf
Language: germanb 2008/06/01 v2.6m German support from the babel system

(/usr/share/texmf-texlive/tex/generic/babel/babel.def
File: babel.def 2008/07/06 v3.8l Babel common definitions
\babel@savecnt=\count104
\U@D=\dimen117
)
\l@austrian = a dialect from \language\l@german 
Package babel Info: Making " an active character on input line 102.
)
(/usr/share/texmf-texlive/tex/generic/babel/ngermanb.ldf
Language: ngermanb 2008/07/06 v2.6n new German support from the babel system
\l@naustrian = a dialect from \language\l@ngerman 
)
(/usr/share/texmf-texlive/tex/generic/babel/english.ldf
Language: english 2005/03/30 v3.3o English support from the babel system
\l@british = a dialect from \language\l@english 
\l@UKenglish = a dialect from \language\l@english 
\l@canadian = a dialect from \language\l@american 
\l@australian = a dialect from \language\l@british 
\l@newzealand = a dialect from \language\l@british 
))
(/usr/share/texmf-texlive/tex/latex/base/fontenc.sty
Package: fontenc 2005/09/27 v1.99g Standard LaTeX package

(/usr/share/texmf-texlive/tex/latex/base/t1enc.def
File: t1enc.def 2005/09/27 v1.99g Standard LaTeX file
LaTeX Font Info:    Redeclaring font encoding T1 on input line 43.
))
(/usr/share/texmf-texlive/tex/latex/tools/tabularx.sty
Package: tabularx 1999/01/07 v2.07 `tabularx' package (DPC)

(/usr/share/texmf-texlive/tex/latex/tools/array.sty
Package: array 2008/09/09 v2.4c Tabular extension package (FMi)
\col@sep=\dimen118
\extrarowheight=\dimen119
\NC@list=\toks22
\extratabsurround=\skip49
\backup@length=\skip50
)
\TX@col@width=\dimen120
\TX@old@table=\dimen121
\TX@old@col=\dimen122
\TX@target=\dimen123
\TX@delta=\dimen124
\TX@cols=\count105
\TX@ftn=\toks23
)
(/usr/share/texmf-texlive/tex/latex/graphics/color.sty
Package: color 2005/11/14 v1.0j Standard LaTeX Color (DPC)

(/etc/texmf/tex/latex/config/color.cfg
File: color.cfg 2007/01/18 v1.5 color configuration of teTeX/TeXLive
)
Package color Info: Driver file: pdftex.def on input line 130.
)
(/usr/share/texmf-texlive/tex/latex/hyperref/hyperref.sty
Package: hyperref 2009/10/09 v6.79a Hypertext links for LaTeX

(/usr/share/texmf-texlive/tex/generic/oberdiek/ifpdf.sty
Package: ifpdf 2009/04/10 v2.0 Provides the ifpdf switch (HO)
Package ifpdf Info: pdfTeX in pdf mode detected.
)
(/usr/share/texmf-texlive/tex/generic/oberdiek/ifvtex.sty
Package: ifvtex 2008/11/04 v1.4 Switches for detecting VTeX and its modes (HO)
Package ifvtex Info: VTeX not detected.
)
(/usr/share/texmf-texlive/tex/generic/ifxetex/ifxetex.sty
Package: ifxetex 2009/01/23 v0.5 Provides ifxetex conditional
)
(/usr/share/texmf-texlive/tex/latex/oberdiek/hycolor.sty
Package: hycolor 2009/10/02 v1.5 Code for color options of hyperref/bookmark (H
O)

(/usr/share/texmf-texlive/tex/latex/oberdiek/xcolor-patch.sty
Package: xcolor-patch 2009/10/02 xcolor patch
))
\@linkdim=\dimen125
\Hy@linkcounter=\count106
\Hy@pagecounter=\count107

(/usr/share/texmf-texlive/tex/latex/hyperref/pd1enc.def
File: pd1enc.def 2009/10/09 v6.79a Hyperref: PDFDocEncoding definition (HO)
)
(/usr/share/texmf-texlive/tex/generic/oberdiek/etexcmds.sty
Package: etexcmds 2007/12/12 v1.2 Prefix for e-TeX command names (HO)

(/usr/share/texmf-texlive/tex/generic/oberdiek/infwarerr.sty
Package: infwarerr 2007/09/09 v1.2 Providing info/warning/message (HO)
)
Package etexcmds Info: Could not find \expanded.
(etexcmds)             That can mean that you are not using pdfTeX 1.50 or
(etexcmds)             that some package has redefined \expanded.
(etexcmds)             In the latter case, load this package earlier.
)
(/usr/share/texmf-texlive/tex/latex/latexconfig/hyperref.cfg
File: hyperref.cfg 2002/06/06 v1.2 hyperref configuration of TeXLive
)
(/usr/share/texmf-texlive/tex/latex/oberdiek/kvoptions.sty
Package: kvoptions 2009/08/13 v3.4 Keyval support for LaTeX options (HO)

(/usr/share/texmf-texlive/tex/generic/oberdiek/kvsetkeys.sty
Package: kvsetkeys 2009/07/30 v1.5 Key value parser with default handler suppor
t (HO)
))
Package hyperref Info: Option `colorlinks' set `true' on input line 2864.
Package hyperref Info: Option `hyperindex' set `true' on input line 2864.
Package hyperref Info: Option `hyperfigures' set `false' on input line 2864.
Package hyperref Info: Hyper figures OFF on input line 2975.
Package hyperref Info: Link nesting OFF on input line 2980.
Package hyperref Info: Hyper index ON on input line 2983.
Package hyperref Info: Plain pages OFF on input line 2990.
Package hyperref Info: Backreferencing OFF on input line 2995.

Implicit mode ON; LaTeX internals redefined
Package hyperref Info: Bookmarks ON on input line 3191.
(/usr/share/texmf-texlive/tex/latex/ltxmisc/url.sty
\Urlmuskip=\muskip11
Package: url 2006/04/12  ver 3.3  Verb mode for urls, etc.
)
LaTeX Info: Redefining \url on input line 3428.

(/usr/share/texmf-texlive/tex/generic/oberdiek/bitset.sty
Package: bitset 2007/09/28 v1.0 Data type bit set (HO)

(/usr/share/texmf-texlive/tex/generic/oberdiek/intcalc.sty
Package: intcalc 2007/09/27 v1.1 Expandable integer calculations (HO)
)
(/usr/share/texmf-texlive/tex/generic/oberdiek/bigintcalc.sty
Package: bigintcalc 2007/11/11 v1.1 Expandable big integer calculations (HO)

(/usr/share/texmf-texlive/tex/generic/oberdiek/pdftexcmds.sty
Package: pdftexcmds 2009/09/23 v0.6 LuaTeX support for pdfTeX utility functions
 (HO)

(/usr/share/texmf-texlive/tex/generic/oberdiek/ifluatex.sty
Package: ifluatex 2009/04/17 v1.2 Provides the ifluatex switch (HO)
Package ifluatex Info: LuaTeX not detected.
)
(/usr/share/texmf-texlive/tex/generic/oberdiek/ltxcmds.sty
Package: ltxcmds 2009/08/05 v1.0 Some LaTeX kernel commands for general use (HO
)
)
Package pdftexcmds Info: LuaTeX not detected.
Package pdftexcmds Info: \pdf@primitive is available.
Package pdftexcmds Info: \pdf@ifprimitive is available.
)))
\Fld@menulength=\count108
\Field@Width=\dimen126
\Fld@charsize=\dimen127
\Field@toks=\toks24
Package hyperref Info: Hyper figures OFF on input line 4377.
Package hyperref Info: Link nesting OFF on input line 4382.
Package hyperref Info: Hyper index ON on input line 4385.
Package hyperref Info: backreferencing OFF on input line 4392.
Package hyperref Info: Link coloring ON on input line 4395.
Package hyperref Info: Link coloring with OCG OFF on input line 4402.
Package hyperref Info: PDF/A mode OFF on input line 4407.

(/usr/share/texmf-texlive/tex/generic/oberdiek/atbegshi.sty
Package: atbegshi 2008/07/31 v1.9 At begin shipout hook (HO)
)
\Hy@abspage=\count109
\c@Item=\count110
)
*hyperref using driver hpdftex*
(/usr/share/texmf-texlive/tex/latex/hyperref/hpdftex.def
File: hpdftex.def 2009/10/09 v6.79a Hyperref driver for pdfTeX
\Fld@listcount=\count111
)
(/usr/share/texmf-texlive/tex/latex/fancyhdr/fancyhdr.sty
\fancy@headwidth=\skip51
\f@ncyO@elh=\skip52
\f@ncyO@erh=\skip53
\f@ncyO@olh=\skip54
\f@ncyO@orh=\skip55
\f@ncyO@elf=\skip56
\f@ncyO@erf=\skip57
\f@ncyO@olf=\skip58
\f@ncyO@orf=\skip59
)
(/usr/share/texmf-texlive/tex/latex/fancyvrb/fancyvrb.sty
Package: fancyvrb 2008/02/07

Style option: `fancyvrb' v2.7a, with DG/SPQR fixes, and firstline=lastline fix 
<2008/02/07> (tvz)
\FV@CodeLineNo=\count112
\FV@InFile=\read1
\FV@TabBox=\box28
\c@FancyVerbLine=\count113
\FV@StepNumber=\count114
\FV@OutFile=\write3
) (/usr/share/texmf-texlive/tex/latex/caption/caption.sty
Package: caption 2009/10/09 v3.1k Customizing captions (AR)

(/usr/share/texmf-texlive/tex/latex/caption/caption3.sty
Package: caption3 2009/10/09 v3.1k caption3 kernel (AR)
\captionmargin=\dimen128
\captionmargin@=\dimen129
\captionwidth=\dimen130
\caption@indent=\dimen131
\caption@parindent=\dimen132
\caption@hangindent=\dimen133
)
\c@ContinuedFloat=\count115
Package caption Info: hyperref package is loaded.
)
(/usr/share/texmf-texlive/tex/latex/caption/subcaption.sty
Package: subcaption 2008/08/31 v1.0b Adding subcaptions (AR)
\c@subfigure=\count116
\c@subtable=\count117
)
(/usr/share/texmf-texlive/tex/latex/ltxmisc/ulem.sty
\UL@box=\box29
\UL@hyphenbox=\box30
\UL@skip=\skip60
\UL@hook=\toks25
\UL@pe=\count118
\UL@pixel=\dimen134
\ULC@box=\box31
Package: ulem 2000/05/26
\ULdepth=\dimen135
)
(/usr/share/texmf-texlive/tex/latex/moreverb/moreverb.sty
Package: moreverb 2008/06/03 v2.3 `more' verbatim facilities

(/usr/share/texmf-texlive/tex/latex/tools/verbatim.sty
Package: verbatim 2003/08/22 v1.5q LaTeX2e package for verbatim enhancements
\every@verbatim=\toks26
\verbatim@line=\toks27
\verbatim@in@stream=\read2
)
\verbatim@out=\write4
\tab@position=\count119
\tab@size=\count120
\listing@line=\count121
)
(/usr/share/texmf-texlive/tex/latex/listings/listings.sty
\lst@mode=\count122
\lst@gtempboxa=\box32
\lst@token=\toks28
\lst@length=\count123
\lst@currlwidth=\dimen136
\lst@column=\count124
\lst@pos=\count125
\lst@lostspace=\dimen137
\lst@width=\dimen138
\lst@newlines=\count126
\lst@lineno=\count127
\lst@maxwidth=\dimen139

(/usr/share/texmf-texlive/tex/latex/listings/lstmisc.sty
File: lstmisc.sty 2007/02/22 1.4 (Carsten Heinz)
\c@lstnumber=\count128
\lst@skipnumbers=\count129
\lst@framebox=\box33
)
(/usr/share/texmf-texlive/tex/latex/listings/listings.cfg
File: listings.cfg 2007/02/22 1.4 listings configuration
))
Package: listings 2007/02/22 1.4 (Carsten Heinz)

(/usr/share/texmf-texlive/tex/latex/listings/lstlang1.sty
File: lstlang1.sty 2004/09/05 1.3 listings language file
)

LaTeX Warning: Unused global option(s):
    [11.5pt].

(./thesis.aux)
\openout1 = `thesis.aux'.

LaTeX Font Info:    Checking defaults for OML/cmm/m/it on input line 92.
LaTeX Font Info:    ... okay on input line 92.
LaTeX Font Info:    Checking defaults for T1/cmr/m/n on input line 92.
LaTeX Font Info:    ... okay on input line 92.
LaTeX Font Info:    Checking defaults for OT1/cmr/m/n on input line 92.
LaTeX Font Info:    ... okay on input line 92.
LaTeX Font Info:    Checking defaults for OMS/cmsy/m/n on input line 92.
LaTeX Font Info:    ... okay on input line 92.
LaTeX Font Info:    Checking defaults for OMX/cmex/m/n on input line 92.
LaTeX Font Info:    ... okay on input line 92.
LaTeX Font Info:    Checking defaults for U/cmr/m/n on input line 92.
LaTeX Font Info:    ... okay on input line 92.
LaTeX Font Info:    Checking defaults for PD1/pdf/m/n on input line 92.
LaTeX Font Info:    ... okay on input line 92.
 (/usr/share/texmf/tex/context/base/supp-pdf.mkii
[Loading MPS to PDF converter (version 2006.09.02).]
\scratchcounter=\count130
\scratchdimen=\dimen140
\scratchbox=\box34
\nofMPsegments=\count131
\nofMParguments=\count132
\everyMPshowfont=\toks29
\MPscratchCnt=\count133
\MPscratchDim=\dimen141
\MPnumerator=\count134
\everyMPtoPDFconversion=\toks30
)
Package hyperref Info: Link coloring ON on input line 92.
 (/usr/share/texmf-texlive/tex/latex/hyperref/nameref.sty
Package: nameref 2007/05/29 v2.31 Cross-referencing by name of section

(/usr/share/texmf-texlive/tex/latex/oberdiek/refcount.sty
Package: refcount 2008/08/11 v3.1 Data extraction from references (HO)
)
\c@section@level=\count135
)
LaTeX Info: Redefining \ref on input line 92.
LaTeX Info: Redefining \pageref on input line 92.
 (./thesis.out)
(./thesis.out)
\@outlinefile=\write5
\openout5 = `thesis.out'.

\AtBeginShipoutBox=\box35
Package caption Info: Begin \AtBeginDocument code.
Package caption Info: listings package is loaded.
Package caption Info: End \AtBeginDocument code.
\c@lstlisting=\count136
 <FULogo.jpg, id=183, 199.2243pt x 53.2389pt>
File: FULogo.jpg Graphic file (type jpg)
 <use FULogo.jpg>
Underfull \hbox (badness 10000) in paragraph at lines 102--102

 []

LaTeX Font Info:    Try loading font information for U+msa on input line 117.
(/usr/share/texmf-texlive/tex/latex/amsfonts/umsa.fd
File: umsa.fd 2009/06/22 v3.00 AMS symbols A
)
LaTeX Font Info:    Try loading font information for U+msb on input line 117.

(/usr/share/texmf-texlive/tex/latex/amsfonts/umsb.fd
File: umsb.fd 2009/06/22 v3.00 AMS symbols B
) (./thesis.toc [1

{/var/lib/texmf/fonts/map/pdftex/updmap/pdftex.map} <./FULogo.jpg>])
\tf@toc=\write6
\openout6 = `thesis.toc'.

 [2]

Package hyperref Warning: Token not allowed in a PDF string (PDFDocEncoding):
(hyperref)                removing `math shift' on input line 151.


Package hyperref Warning: Token not allowed in a PDF string (PDFDocEncoding):
(hyperref)                removing `\<def>-command' on input line 151.


Package hyperref Warning: Token not allowed in a PDF string (PDFDocEncoding):
(hyperref)                removing `\@tempa' on input line 151.


Package hyperref Warning: Token not allowed in a PDF string (PDFDocEncoding):
(hyperref)                removing `\<def>-command' on input line 151.


Package hyperref Warning: Token not allowed in a PDF string (PDFDocEncoding):
(hyperref)                removing `\@tempb' on input line 151.


Package hyperref Warning: Token not allowed in a PDF string (PDFDocEncoding):
(hyperref)                removing `\pi' on input line 151.


Package hyperref Warning: Token not allowed in a PDF string (PDFDocEncoding):
(hyperref)                removing `math shift' on input line 151.

[3] [4] [5] [6] [7]
LaTeX Font Info:    Try loading font information for OMS+cmr on input line 420.

 (/usr/share/texmf-texlive/tex/latex/base/omscmr.fd
File: omscmr.fd 1999/05/25 v2.5h Standard LaTeX font definitions
)
LaTeX Font Info:    Font shape `OMS/cmr/m/n' in size <12> not available
(Font)              Font shape `OMS/cmsy/m/n' tried instead on input line 420.

[8]
LaTeX Font Info:    Try loading font information for U+euf on input line 466.
 (/usr/share/texmf-texlive/tex/latex/amsfonts/ueuf.fd
File: ueuf.fd 2009/06/22 v3.00 Euler Fraktur
) [9] [10] [11]
Overfull \hbox (5.87999pt too wide) in paragraph at lines 565--565
[] 
 []

[12] [13] [14]
LaTeX Font Info:    Try loading font information for T1+cmtt on input line 797.

 (/usr/share/texmf-texlive/tex/latex/base/t1cmtt.fd
File: t1cmtt.fd 1999/05/25 v2.5h Standard LaTeX font definitions
) [15]
Overfull \hbox (3.1427pt too wide) in paragraph at lines 817--818
[][]\T1/cmtt/m/n/12 function fid = jlh_outsourced_pulse_acquire(...) \T1/cmr/m/
n/12 --- which run on each sin-gle node
 []


Overfull \hbox (35.43062pt too wide) in paragraph at lines 818--819
[][]\T1/cmtt/m/n/12 function jlh_sum_results(..) \T1/cmr/m/n/12 --- fi-nally ru
ns af-ter all []\T1/cmtt/m/n/12 jlh_outsourced_pulse_acquire(...)
 []

[16] <so-graphs/so_computation_time_fit.png, id=472, 32.16016pt x 24.27068pt>
File: so-graphs/so_computation_time_fit.png Graphic file (type png)

<use so-graphs/so_computation_time_fit.png>
<so-graphs/mem_usage_fit.png, id=473, 33.84645pt x 24.27068pt>
File: so-graphs/mem_usage_fit.png Graphic file (type png)

<use so-graphs/mem_usage_fit.png>
<so-graphs/input_file_size.png, id=474, 38.48378pt x 28.06485pt>
File: so-graphs/input_file_size.png Graphic file (type png)

<use so-graphs/input_file_size.png>
<so-graphs/expansion.png, id=475, 33.84645pt x 24.27068pt>
File: so-graphs/expansion.png Graphic file (type png)

<use so-graphs/expansion.png>
<2ppn-graphs/small_scale_runtime.png, id=477, 33.84645pt x 24.27068pt>
File: 2ppn-graphs/small_scale_runtime.png Graphic file (type png)

<use 2ppn-graphs/small_scale_runtime.png>
<9ppn-graphs/small_scale_runtime.png, id=478, 33.84645pt x 24.27068pt>
File: 9ppn-graphs/small_scale_runtime.png Graphic file (type png)

<use 9ppn-graphs/small_scale_runtime.png>
<runtime-graphs/small_scale_runtime.png, id=479, 30.23296pt x 24.27068pt>
File: runtime-graphs/small_scale_runtime.png Graphic file (type png)

<use runtime-graphs/small_scale_runtime.png>
<runtime-graphs/parallel_mixed.png, id=480, 30.23296pt x 24.27068pt>
File: runtime-graphs/parallel_mixed.png Graphic file (type png)

<use runtime-graphs/parallel_mixed.png> [17] [18 <./so-graphs/so_computation_ti
me_fit.png (PNG copy)> <./so-graphs/mem_usage_fit.png (PNG copy)> <./so-graphs/
input_file_size.png (PNG copy)> <./so-graphs/expansion.png (PNG copy)> <./2ppn-
graphs/small_scale_runtime.png (PNG copy)> <./9ppn-graphs/small_scale_runtime.p
ng (PNG copy)>] [19 <./runtime-graphs/small_scale_runtime.png (PNG copy)> <./ru
ntime-graphs/parallel_mixed.png (PNG copy)>] [20] [21]
<matlab-parallelization.jpg, id=550, 344.28625pt x 211.79124pt>
File: matlab-parallelization.jpg Graphic file (type jpg)

<use matlab-parallelization.jpg>
LaTeX Font Info:    Font shape `T1/cmtt/bx/it' in size <8> not available
(Font)              Font shape `T1/cmtt/m/it' tried instead on input line 1024.

 [22 <./matlab-parallelization.jpg>] [23]
LaTeX Font Info:    Font shape `OMS/cmr/m/n' in size <8> not available
(Font)              Font shape `OMS/cmsy/m/n' tried instead on input line 1091.


[24] [25]
Overfull \hbox (13.95525pt too wide) in paragraph at lines 1213--1214
\T1/cmr/m/n/12 tion, and sim-i-larly the ob-serv-able to be de-tected is du-pli
-cated $[]$
 []

[26]
Overfull \hbox (64.39758pt too wide) in paragraph at lines 1254--1255
\T1/cmr/m/n/12 then uses []\T1/cmtt/m/n/12 jlh_submit_job(...) \T1/cmr/m/n/12 r
e-peatetly to cre-ate $\OML/cmm/m/it/12 n$ \T1/cmr/m/n/12 in-stances of \T1/cmt
t/m/n/12 jlh_outsourced_pulse_acquire(...)\T1/cmr/m/n/12 ,
 []


Overfull \hbox (41.51114pt too wide) in paragraph at lines 1267--1268
[]\T1/cmr/m/n/12 When load-ing the Li-ou-vil-lian and other data from the .mat 
file pre-pared by []\T1/cmtt/m/n/12 jlh_master_pulse_acquire
 []

[27] [28] <spin_system_simplified.jpg, id=750, 823.878pt x 2023.56pt>
File: spin_system_simplified.jpg Graphic file (type jpg)

<use spin_system_simplified.jpg>

LaTeX Warning: Float too large for page by 54.97662pt on input line 1381.

[29] [30 <./spin_system_simplified.jpg>] [31] (./thesis.aux) ) 
Here is how much of TeX's memory you used:
 10791 strings out of 495021
 152196 string characters out of 1181035
 557638 words of memory out of 3000000
 13337 multiletter control sequences out of 15000+50000
 28650 words of font info for 79 fonts, out of 3000000 for 9000
 28 hyphenation exceptions out of 8191
 38i,10n,43p,1179b,1669s stack positions out of 5000i,500n,10000p,200000b,50000s
{/usr/share/texmf
/fonts/enc/dvips/cm-super/cm-super-t1.enc}</usr/share/texmf-texlive/fonts/type1
/public/amsfonts/cm/cmbx12.pfb></usr/share/texmf-texlive/fonts/type1/public/ams
fonts/cm/cmbx5.pfb></usr/share/texmf-texlive/fonts/type1/public/amsfonts/cm/cmb
x6.pfb></usr/share/texmf-texlive/fonts/type1/public/amsfonts/cm/cmbx8.pfb></usr
/share/texmf-texlive/fonts/type1/public/amsfonts/cm/cmex10.pfb></usr/share/texm
f-texlive/fonts/type1/public/amsfonts/cm/cmmi10.pfb></usr/share/texmf-texlive/f
onts/type1/public/amsfonts/cm/cmmi12.pfb></usr/share/texmf-texlive/fonts/type1/
public/amsfonts/cm/cmmi6.pfb></usr/share/texmf-texlive/fonts/type1/public/amsfo
nts/cm/cmmi7.pfb></usr/share/texmf-texlive/fonts/type1/public/amsfonts/cm/cmmi8
.pfb></usr/share/texmf-texlive/fonts/type1/public/amsfonts/cm/cmr10.pfb></usr/s
hare/texmf-texlive/fonts/type1/public/amsfonts/cm/cmr12.pfb></usr/share/texmf-t
exlive/fonts/type1/public/amsfonts/cm/cmr5.pfb></usr/share/texmf-texlive/fonts/
type1/public/amsfonts/cm/cmr6.pfb></usr/share/texmf-texlive/fonts/type1/public/
amsfonts/cm/cmr7.pfb></usr/share/texmf-texlive/fonts/type1/public/amsfonts/cm/c
mr8.pfb></usr/share/texmf-texlive/fonts/type1/public/amsfonts/cm/cmsy10.pfb></u
sr/share/texmf-texlive/fonts/type1/public/amsfonts/cm/cmsy6.pfb></usr/share/tex
mf-texlive/fonts/type1/public/amsfonts/cm/cmsy8.pfb></usr/share/texmf-texlive/f
onts/type1/public/amsfonts/euler/eufm10.pfb></usr/share/texmf-texlive/fonts/typ
e1/public/amsfonts/symbols/msbm10.pfb></usr/share/texmf/fonts/type1/public/cm-s
uper/sfbi0800.pfb></usr/share/texmf/fonts/type1/public/cm-super/sfbx0900.pfb></
usr/share/texmf/fonts/type1/public/cm-super/sfbx1000.pfb></usr/share/texmf/font
s/type1/public/cm-super/sfbx1200.pfb></usr/share/texmf/fonts/type1/public/cm-su
per/sfbx1440.pfb></usr/share/texmf/fonts/type1/public/cm-super/sfit0800.pfb></u
sr/share/texmf/fonts/type1/public/cm-super/sfrm0500.pfb></usr/share/texmf/fonts
/type1/public/cm-super/sfrm0600.pfb></usr/share/texmf/fonts/type1/public/cm-sup
er/sfrm0800.pfb></usr/share/texmf/fonts/type1/public/cm-super/sfrm0900.pfb></us
r/share/texmf/fonts/type1/public/cm-super/sfrm1000.pfb></usr/share/texmf/fonts/
type1/public/cm-super/sfrm1200.pfb></usr/share/texmf/fonts/type1/public/cm-supe
r/sfsl1000.pfb></usr/share/texmf/fonts/type1/public/cm-super/sfti0800.pfb></usr
/share/texmf/fonts/type1/public/cm-super/sfti0900.pfb></usr/share/texmf/fonts/t
ype1/public/cm-super/sfti1200.pfb></usr/share/texmf/fonts/type1/public/cm-super
/sftt0800.pfb></usr/share/texmf/fonts/type1/public/cm-super/sftt1200.pfb>
Output written on thesis.pdf (31 pages, 7163161 bytes).
PDF statistics:
 1019 PDF objects out of 1200 (max. 8388607)
 433 named destinations out of 1000 (max. 500000)
 416 words of extra memory for PDF output out of 10000 (max. 10000000)

