\BOOKMARK [1][-]{section.1}{Basics}{}
\BOOKMARK [2][-]{subsection.1.1}{Fourier Transorm}{section.1}
\BOOKMARK [2][-]{subsection.1.2}{Matrix Formalism}{section.1}
\BOOKMARK [3][-]{subsubsection.1.2.1}{Diagonizable Matrix}{subsection.1.2}
\BOOKMARK [3][-]{subsubsection.1.2.2}{Matrix Exponentials}{subsection.1.2}
\BOOKMARK [2][-]{subsection.1.3}{Spin Formalism}{section.1}
\BOOKMARK [3][-]{subsubsection.1.3.1}{Quantum States}{subsection.1.3}
\BOOKMARK [3][-]{subsubsection.1.3.2}{Eigenvalues}{subsection.1.3}
\BOOKMARK [3][-]{subsubsection.1.3.3}{Measurement}{subsection.1.3}
\BOOKMARK [3][-]{subsubsection.1.3.4}{Density operator and spin ensembles}{subsection.1.3}
\BOOKMARK [3][-]{subsubsection.1.3.5}{Dynamics}{subsection.1.3}
\BOOKMARK [2][-]{subsection.1.4}{Rotation Formalism}{section.1}
\BOOKMARK [3][-]{subsubsection.1.4.1}{Rotating Frame}{subsection.1.4}
\BOOKMARK [2][-]{subsection.1.5}{Spin Ensembles}{section.1}
\BOOKMARK [1][-]{section.2}{-pulsed EPR}{}
\BOOKMARK [2][-]{subsection.2.1}{Spin Electron Hamiltonian}{section.2}
\BOOKMARK [2][-]{subsection.2.2}{g-tensor and A-tensor}{section.2}
\BOOKMARK [2][-]{subsection.2.3}{Resonant frequency field}{section.2}
\BOOKMARK [1][-]{section.3}{Spinach}{}
\BOOKMARK [2][-]{subsection.3.1}{A Spinach EPR Simulation}{section.3}
\BOOKMARK [3][-]{subsubsection.3.1.1}{Typical input file}{subsection.3.1}
\BOOKMARK [3][-]{subsubsection.3.1.2}{pulse\137acquire}{subsection.3.1}
