   3.3738412e+04   8.4703295e-21
   3.3738064e+04  -1.5246593e-20
   3.3737715e+04   5.0821977e-21
   3.3737366e+04   1.5246593e-20
   3.3737017e+04   5.0821977e-21
   3.3736668e+04   1.6940659e-21
   3.3736320e+04   3.3881318e-21
   3.3735971e+04   2.5410988e-21
   3.3735622e+04   3.1763736e-21
   3.3735273e+04   1.3340769e-20
   3.3734924e+04   2.6046263e-20
   3.3734576e+04   2.9646153e-21
   3.3734227e+04   9.2114833e-21
   3.3733878e+04   1.4823077e-20
   3.3733529e+04   1.2176099e-20
   3.3733180e+04   2.1705219e-20
   3.3732832e+04   1.6940659e-21
   3.3732483e+04   2.2658131e-20
   3.3732134e+04   1.7787692e-20
   3.3731785e+04  -2.8587362e-21
   3.3731436e+04  -6.5115658e-21
   3.3731088e+04  -2.4987472e-20
   3.3730739e+04  -2.0328791e-20
   3.3730390e+04  -3.4940109e-20
   3.3730041e+04  -2.8799120e-20
   3.3729692e+04   1.3552527e-20
   3.3729344e+04   2.7105054e-20
   3.3728995e+04   3.2187252e-20
   3.3728646e+04   2.3716923e-20
   3.3728297e+04   1.3552527e-20
   3.3727948e+04   1.4399560e-20
   3.3727600e+04   0.0000000e+00
   3.3727251e+04   7.6232965e-21
   3.3726902e+04  -1.6093626e-20
   3.3726553e+04   9.7408789e-21
   3.3726204e+04   7.6232965e-21
   3.3725856e+04   3.3881318e-21
   3.3725507e+04   0.0000000e+00
   3.3725158e+04   1.1157012e-20
   3.3724809e+04   8.3313631e-21
   3.3724460e+04   1.4940950e-20
   3.3724112e+04   5.9806838e-21
   3.3723763e+04   2.3026715e-20
   3.3723414e+04   1.7996035e-20
   3.3723065e+04   4.7293027e-21
   3.3722716e+04   1.9174813e-20
   3.3722368e+04   9.2279870e-21
   3.3722019e+04   2.3002171e-20
   3.3721670e+04   1.2192939e-20
   3.3721321e+04   1.9139551e-20
   3.3720972e+04   5.8349320e-21
   3.3720624e+04   9.5125770e-21
   3.3720275e+04   3.1366689e-21
   3.3719926e+04  -1.1117307e-21
   3.3719577e+04   6.3527471e-22
   3.3719228e+04   2.3293406e-21
   3.3718879e+04   1.1011428e-20
   3.3718531e+04   2.4987472e-20
   3.3718182e+04   2.5199230e-20
   3.3717833e+04   3.7481208e-20
   3.3717484e+04   2.0964065e-20
   3.3717135e+04   1.7787692e-20
   3.3716787e+04  -1.2917252e-20
   3.3716438e+04   1.8211208e-20
   3.3716089e+04   4.4045713e-20
   3.3715740e+04  -2.3716923e-20
   3.3715391e+04   2.6681538e-20
   3.3715043e+04  -3.3881318e-21
   3.3714694e+04   6.0351097e-21
   3.3714345e+04  -2.0514079e-22
   3.3713996e+04  -3.3881318e-21
   3.3713647e+04   6.5707092e-21
   3.3713299e+04   1.0140531e-20
   3.3712950e+04  -5.7953004e-21
   3.3712601e+04   1.6965593e-20
   3.3712252e+04   1.7613335e-20
   3.3711903e+04  -5.2773025e-21
   3.3711555e+04   1.0422295e-21
   3.3711206e+04  -3.7010481e-21
   3.3710857e+04  -7.7293250e-23
   3.3710508e+04   1.1888104e-22
   3.3710159e+04   1.8653426e-20
   3.3709811e+04   1.8700741e-23
   3.3709462e+04   5.6717901e-21
   3.3709113e+04  -3.8142762e-21
   3.3708764e+04   3.5386237e-21
   3.3708415e+04  -2.3330808e-20
   3.3708067e+04  -2.6918230e-20
   3.3707718e+04  -2.7420644e-20
   3.3707369e+04  -1.5622380e-20
   3.3707020e+04   3.6289189e-21
   3.3706671e+04  -4.7313451e-21
   3.3706323e+04   1.1638330e-20
   3.3705974e+04   6.3720529e-20
   3.3705625e+04  -2.0623098e-20
   3.3705276e+04   1.7082962e-20
   3.3704927e+04   3.3881318e-21
   3.3704579e+04  -2.3716923e-20
   3.3704230e+04   2.2022857e-20
   3.3703881e+04  -8.4703295e-21
   3.3703532e+04   2.9646153e-21
   3.3703183e+04   7.4115383e-21
   3.3702835e+04  -6.8821427e-22
   3.3702486e+04   1.4088540e-20
   3.3702137e+04   7.7043602e-21
   3.3701788e+04  -6.9940706e-22
   3.3701439e+04   1.2973752e-20
   3.3701091e+04   7.2475416e-21
   3.3700742e+04  -1.1151415e-20
   3.3700393e+04  -2.9578208e-21
   3.3700044e+04  -1.4427117e-20
   3.3699695e+04  -3.6201135e-21
   3.3699347e+04   4.5685426e-21
   3.3698998e+04   8.5195984e-21
   3.3698649e+04  -3.1598299e-22
   3.3698300e+04   1.9091329e-20
   3.3697951e+04   8.2850410e-21
   3.3697603e+04   1.9693516e-20
   3.3697254e+04  -8.0468130e-21
   3.3696905e+04  -3.2187252e-20
   3.3696556e+04  -1.0164395e-20
   3.3696207e+04  -3.3881318e-21
   3.3695859e+04   2.0328791e-20
   3.3695510e+04  -1.0164395e-20
   3.3695161e+04   4.0657581e-20
   3.3694812e+04   0.0000000e+00
   3.3694463e+04  -1.3552527e-20
   3.3694115e+04   1.3552527e-20
   3.3693766e+04   2.7105054e-20
   3.3693417e+04   1.3552527e-20
   3.3693068e+04   0.0000000e+00
   3.3692719e+04  -2.0328791e-20
   3.3692371e+04   3.3881318e-21
   3.3692022e+04   6.7762636e-21
   3.3691673e+04   2.5410988e-21
   3.3691324e+04   1.6093626e-20
   3.3690975e+04   3.5998900e-21
   3.3690626e+04  -6.0086400e-21
   3.3690278e+04  -4.6380017e-21
   3.3689929e+04   1.3863806e-21
   3.3689580e+04  -2.3499350e-20
   3.3689231e+04  -1.4470597e-20
   3.3688882e+04  -3.2403983e-20
   3.3688534e+04  -2.4207792e-20
   3.3688185e+04  -1.6076261e-20
   3.3687836e+04  -1.1404522e-20
   3.3687487e+04  -1.0146605e-20
   3.3687138e+04   4.2960659e-21
   3.3686790e+04   8.3776852e-21
   3.3686441e+04   1.4955425e-21
   3.3686092e+04  -9.8467580e-21
   3.3685743e+04  -6.3527471e-21
   3.3685394e+04   8.4703295e-22
   3.3685046e+04  -1.0164395e-20
   3.3684697e+04   1.3552527e-20
   3.3684348e+04   3.3881318e-20
   3.3683999e+04   2.7105054e-20
   3.3683650e+04   1.3552527e-20
   3.3683302e+04   5.4210109e-20
   3.3682953e+04   2.7105054e-20
   3.3682604e+04  -5.4210109e-20
   3.3682255e+04  -2.0328791e-20
   3.3681906e+04  -3.3881318e-21
   3.3681558e+04  -1.3552527e-20
   3.3681209e+04  -1.6093626e-20
   3.3680860e+04   6.1409889e-21
   3.3680511e+04   2.0646428e-21
   3.3680162e+04  -1.0759965e-20
   3.3679814e+04  -4.1673359e-21
   3.3679465e+04  -1.0533525e-20
   3.3679116e+04  -1.2650561e-20
   3.3678767e+04   1.1120723e-20
   3.3678418e+04  -6.1057312e-21
   3.3678070e+04  -9.0104173e-21
   3.3677721e+04  -9.8632617e-21
   3.3677372e+04   1.1382675e-21
   3.3677023e+04   4.7477194e-21
   3.3676674e+04   8.1772490e-21
   3.3676326e+04   1.0046936e-20
   3.3675977e+04  -3.3616620e-21
   3.3675628e+04   1.2281978e-20
   3.3675279e+04   2.3081648e-20
   3.3674930e+04   1.9481758e-20
   3.3674582e+04   1.0164395e-20
   3.3674233e+04   0.0000000e+00
   3.3673884e+04  -3.3881318e-20
   3.3673535e+04   0.0000000e+00
   3.3673186e+04  -1.3552527e-20
   3.3672838e+04  -5.4210109e-20
   3.3672489e+04   0.0000000e+00
   3.3672140e+04  -2.7105054e-20
   3.3671791e+04   0.0000000e+00
   3.3671442e+04  -1.3552527e-20
   3.3671094e+04  -2.0328791e-20
   3.3670745e+04  -8.4703295e-21
   3.3670396e+04   8.4703295e-22
   3.3670047e+04  -3.1763736e-22
   3.3669698e+04   6.5512705e-21
   3.3669350e+04  -1.0587912e-22
   3.3669001e+04  -1.1589628e-20
   3.3668652e+04  -2.1655621e-21
   3.3668303e+04   1.6649686e-22
   3.3667954e+04  -4.8084085e-21
   3.3667606e+04   1.4722933e-20
   3.3667257e+04   1.4082332e-20
   3.3666908e+04   1.4121326e-20
   3.3666559e+04   5.0122981e-21
   3.3666210e+04   2.2736401e-21
   3.3665862e+04   1.2594025e-20
   3.3665513e+04   1.7616104e-20
   3.3665164e+04   8.4876773e-21
   3.3664815e+04   9.5544562e-21
   3.3664466e+04   8.7011226e-21
   3.3664118e+04   2.6968131e-20
   3.3663769e+04   1.0130538e-20
   3.3663420e+04   1.6928714e-23
   3.3663071e+04  -5.2753181e-22
   3.3662722e+04  -2.5819899e-20
   3.3662374e+04  -1.0554788e-20
   3.3662025e+04  -3.1508342e-20
   3.3661676e+04  -1.5986067e-21
   3.3661327e+04   1.3600257e-20
   3.3660978e+04   2.6502460e-20
   3.3660629e+04  -4.4114770e-22
   3.3660281e+04   3.2187252e-20
   3.3659932e+04  -3.2187252e-20
   3.3659583e+04  -2.1599340e-20
   3.3659234e+04   7.8350548e-21
   3.3658885e+04  -9.7408789e-21
   3.3658537e+04   3.1763736e-21
   3.3658188e+04   2.4749244e-21
   3.3657839e+04  -3.3947492e-21
   3.3657490e+04   2.2603951e-20
   3.3657141e+04   8.6403280e-21
   3.3656793e+04   2.3660423e-20
   3.3656444e+04   2.3351524e-20
   3.3656095e+04   1.9304107e-20
   3.3655746e+04   1.6086831e-20
   3.3655397e+04   1.3156568e-20
   3.3655049e+04   9.1258277e-21
   3.3654700e+04   2.4230578e-20
   3.3654351e+04   2.0491293e-20
   3.3654002e+04   1.2385375e-20
   3.3653653e+04   1.8760456e-21
   3.3653305e+04  -8.6026784e-22
   3.3652956e+04   4.7645603e-22
   3.3652607e+04  -1.6940659e-21
   3.3652258e+04  -1.6940659e-21
   3.3651909e+04  -9.7408789e-21
   3.3651561e+04  -2.3293406e-20
   3.3651212e+04  -2.9646153e-21
   3.3650863e+04   4.8704394e-21
   3.3650514e+04  -1.4187802e-20
   3.3650165e+04  -6.3527471e-22
   3.3649817e+04   8.0468130e-21
   3.3649468e+04   1.4611318e-20
   3.3649119e+04   3.5575384e-20
   3.3648770e+04  -2.2022857e-20
   3.3648421e+04   1.6940659e-21
   3.3648073e+04  -2.3716923e-20
   3.3647724e+04   7.6232965e-21
   3.3647375e+04   8.4703295e-22
   3.3647026e+04  -1.6093626e-20
   3.3646677e+04  -1.4399560e-20
   3.3646329e+04   4.0234065e-21
   3.3645980e+04  -1.0587912e-21
   3.3645631e+04   1.3340769e-20
   3.3645282e+04   4.2351647e-22
   3.3644933e+04   1.4717197e-20
   3.3644585e+04   1.1858461e-20
   3.3644236e+04   1.5987747e-20
   3.3643887e+04   1.7470055e-20
   3.3643538e+04   1.2705494e-20
   3.3643189e+04   3.5363626e-20
   3.3642841e+04   2.5410988e-20
   3.3642492e+04   1.6623022e-20
   3.3642143e+04   2.4828653e-20
   3.3641794e+04  -3.8116483e-21
   3.3641445e+04   4.2351647e-21
   3.3641097e+04   8.2585712e-21
   3.3640748e+04   1.6940659e-21
   3.3640399e+04  -1.0164395e-20
   3.3640050e+04  -1.6940659e-20
   3.3639701e+04  -8.4703295e-21
   3.3639353e+04  -1.3552527e-20
   3.3639004e+04  -2.0328791e-20
   3.3638655e+04   2.5410988e-21
   3.3638306e+04   1.0164395e-20
   3.3637957e+04   3.3881318e-21
   3.3637609e+04  -3.3881318e-21
   3.3637260e+04  -7.1997801e-21
   3.3636911e+04  -4.1716373e-20
   3.3636562e+04  -4.2351647e-22
   3.3636213e+04  -2.7740329e-20
   3.3635865e+04  -1.7430350e-20
   3.3635516e+04   6.0020225e-21
   3.3635167e+04  -3.6408355e-21
   3.3634818e+04   1.2333431e-20
   3.3634469e+04   1.0321221e-20
   3.3634121e+04   6.5610901e-21
   3.3633772e+04   9.3879839e-21
   3.3633423e+04   1.0280967e-20
   3.3633074e+04   4.7810640e-21
   3.3632725e+04   1.1990743e-20
   3.3632376e+04   1.0075357e-20
   3.3632028e+04   1.7021968e-20
   3.3631679e+04   2.7857789e-20
   3.3631330e+04  -7.8515984e-21
   3.3630981e+04   3.1366689e-21
   3.3630632e+04  -1.1911401e-20
   3.3630284e+04   1.2281978e-20
   3.3629935e+04   6.7762636e-21
   3.3629586e+04   1.2705494e-21
   3.3629237e+04  -1.0587912e-20
   3.3628888e+04  -1.7364175e-20
   3.3628540e+04   2.0540549e-20
   3.3628191e+04  -6.2045163e-20
   3.3627842e+04  -2.4775714e-20
   3.3627493e+04   0.0000000e+00
   3.3627144e+04  -1.1223187e-20
   3.3626796e+04  -1.3552527e-20
   3.3626447e+04  -2.0328791e-20
   3.3626098e+04  -3.2187252e-20
   3.3625749e+04  -3.4728351e-20
   3.3625400e+04   9.9526371e-21
   3.3625052e+04  -1.5881868e-20
   3.3624703e+04   7.6232965e-21
   3.3624354e+04   2.5616543e-20
   3.3624005e+04   1.9082106e-20
   3.3623656e+04   2.9088706e-20
   3.3623308e+04   1.5221659e-20
   3.3622959e+04   9.9152356e-21
   3.3622610e+04   8.0301595e-21
   3.3622261e+04   1.7168979e-20
   3.3621912e+04   1.8735883e-20
   3.3621564e+04   1.9831174e-21
   3.3621215e+04   2.4021558e-20
   3.3620866e+04   9.7221782e-21
   3.3620517e+04   2.3698222e-20
   3.3620168e+04   6.3984294e-21
   3.3619820e+04  -1.0267647e-20
   3.3619471e+04   4.9317057e-21
   3.3619122e+04  -1.0126994e-20
   3.3618773e+04  -1.2045285e-20
   3.3618424e+04  -1.4507486e-20
   3.3618076e+04   2.4933692e-21
   3.3617727e+04  -1.5487380e-20
   3.3617378e+04  -6.7035996e-21
   3.3617029e+04  -6.3307340e-20
   3.3616680e+04   1.0818371e-20
   3.3616332e+04  -1.8340418e-20
   3.3615983e+04  -2.2598852e-21
   3.3615634e+04   0.0000000e+00
   3.3615285e+04  -2.7105054e-20
   3.3614936e+04  -1.3552527e-20
   3.3614588e+04  -1.6940659e-20
   3.3614239e+04  -3.3881318e-21
   3.3613890e+04  -1.4399560e-20
   3.3613541e+04  -2.5410988e-21
   3.3613192e+04   1.2626085e-20
   3.3612844e+04   1.7734752e-21
   3.3612495e+04   6.2886406e-21
   3.3612146e+04   4.5034225e-21
   3.3611797e+04  -1.4987073e-20
   3.3611448e+04   5.1539693e-21
   3.3611100e+04   1.0594706e-20
   3.3610751e+04   1.2677937e-20
   3.3610402e+04  -7.0082453e-21
   3.3610053e+04   1.4732938e-20
   3.3609704e+04  -1.3503207e-20
   3.3609356e+04   1.7999450e-21
   3.3609007e+04   4.6851510e-21
   3.3608658e+04  -2.5622747e-20
   3.3608309e+04  -1.1434945e-20
   3.3607960e+04  -6.7762636e-21
   3.3607612e+04   0.0000000e+00
   3.3607263e+04   0.0000000e+00
   3.3606914e+04  -1.3552527e-20
   3.3606565e+04  -5.4210109e-20
   3.3606216e+04  -8.1315163e-20
   3.3605868e+04  -5.4210109e-20
   3.3605519e+04   0.0000000e+00
   3.3605170e+04  -1.0842022e-19
   3.3604821e+04  -2.7105054e-20
   3.3604472e+04  -2.7105054e-20
   3.3604124e+04  -2.7105054e-20
   3.3603775e+04   0.0000000e+00
   3.3603426e+04  -1.3552527e-20
   3.3603077e+04   1.3552527e-20
   3.3602728e+04   1.3552527e-20
   3.3602379e+04   2.0328791e-20
   3.3602031e+04   5.0821977e-21
   3.3601682e+04   2.5199230e-20
   3.3601333e+04   1.0693791e-20
   3.3600984e+04   2.1500078e-20
   3.3600635e+04   7.6959333e-21
   3.3600287e+04   1.0593259e-21
   3.3599938e+04   1.3020015e-20
   3.3599589e+04   8.2642701e-21
   3.3599240e+04  -7.2781428e-21
   3.3598891e+04  -6.2925503e-21
   3.3598543e+04  -1.3987441e-20
   3.3598194e+04  -8.7184198e-21
   3.3597845e+04  -9.6951772e-21
   3.3597496e+04  -3.1340219e-20
   3.3597147e+04  -2.5119821e-20
   3.3596799e+04  -5.1880768e-20
   3.3596450e+04  -3.0493186e-20
   3.3596101e+04  -5.0821977e-21
   3.3595752e+04  -2.0328791e-20
   3.3595403e+04  -8.1315163e-20
   3.3595055e+04  -4.0657581e-20
   3.3594706e+04  -5.4210109e-20
   3.3594357e+04  -2.7105054e-20
   3.3594008e+04   2.7105054e-20
   3.3593659e+04   0.0000000e+00
   3.3593311e+04  -3.7269450e-20
   3.3592962e+04  -3.0493186e-20
   3.3592613e+04  -3.2187252e-20
   3.3592264e+04   1.6940659e-21
   3.3591915e+04  -2.1175824e-21
   3.3591567e+04   5.7174724e-21
   3.3591218e+04   1.0746731e-20
   3.3590869e+04   8.8012017e-22
   3.3590520e+04   8.5381583e-21
   3.3590171e+04  -2.2749276e-21
   3.3589823e+04  -2.4861661e-21
   3.3589474e+04  -1.2384442e-20
   3.3589125e+04  -7.1645224e-21
   3.3588776e+04  -2.0868879e-20
   3.3588427e+04   8.7714632e-21
   3.3588079e+04  -1.6649424e-20
   3.3587730e+04  -2.0285439e-21
   3.3587381e+04  -5.3752781e-21
   3.3587032e+04   2.0001227e-21
   3.3586683e+04  -4.2153124e-21
   3.3586335e+04  -3.6819463e-20
   3.3585986e+04  -1.5034835e-20
   3.3585637e+04  -2.7528571e-20
   3.3585288e+04  -3.2187252e-20
   3.3584939e+04  -3.3881318e-21
   3.3584591e+04  -3.7269450e-20
   3.3584242e+04   2.0328791e-20
   3.3583893e+04  -3.3881318e-20
   3.3583544e+04   5.4210109e-20
   3.3583195e+04   0.0000000e+00
   3.3582847e+04   5.4210109e-20
   3.3582498e+04   5.4210109e-20
   3.3582149e+04   3.0493186e-20
   3.3581800e+04   4.0657581e-20
   3.3581451e+04   3.8116483e-21
   3.3581103e+04   1.9058241e-20
   3.3580754e+04  -1.0693791e-20
   3.3580405e+04  -2.2638279e-20
   3.3580056e+04  -7.5190718e-21
   3.3579707e+04  -1.7209389e-20
   3.3579359e+04   2.5890786e-21
   3.3579010e+04  -7.3662769e-21
   3.3578661e+04  -7.8970858e-21
   3.3578312e+04  -6.6761200e-21
   3.3577963e+04  -6.2472772e-21
   3.3577615e+04   7.0175104e-22
   3.3577266e+04   1.7645833e-20
   3.3576917e+04  -1.3920343e-20
   3.3576568e+04   3.9231174e-21
   3.3576219e+04   1.4147632e-20
   3.3575871e+04   2.2852542e-20
   3.3575522e+04   1.7762356e-20
   3.3575173e+04   2.2956734e-20
   3.3574824e+04   2.5547912e-20
   3.3574475e+04   1.8245066e-20
   3.3574126e+04   2.6241093e-20
   3.3573778e+04   5.9396322e-20
   3.3573429e+04   2.7090448e-20
   3.3573080e+04   4.9518304e-20
   3.3572731e+04   3.9555155e-20
   3.3572382e+04   5.1573551e-20
   3.3572034e+04  -7.6710261e-21
   3.3571685e+04   3.7025011e-20
   3.3571336e+04   2.4581587e-20
   3.3570987e+04  -9.3173624e-21
   3.3570638e+04  -5.9292306e-21
   3.3570290e+04  -8.8938459e-21
   3.3569941e+04  -4.4892746e-20
   3.3569592e+04  -3.7269450e-20
   3.3569243e+04  -4.9974944e-20
   3.3568894e+04  -1.7642108e-20
   3.3568546e+04  -2.7746946e-20
   3.3568197e+04  -9.6362405e-21
   3.3567848e+04  -1.9475838e-21
   3.3567499e+04   1.4343061e-20
   3.3567150e+04   2.8857238e-20
   3.3566802e+04   3.3280151e-20
   3.3566453e+04   5.4626831e-20
   3.3566104e+04   5.6143490e-20
   3.3565755e+04   4.3007146e-20
   3.3565406e+04   3.8630138e-20
   3.3565058e+04   6.2842940e-20
   3.3564709e+04   4.4572627e-20
   3.3564360e+04   1.8393188e-20
   3.3564011e+04   3.4291599e-20
   3.3563662e+04   3.0334367e-20
   3.3563314e+04   1.6728901e-20
   3.3562965e+04   2.7740329e-20
   3.3562616e+04   4.4045713e-20
   3.3562267e+04   2.6681538e-20
   3.3561918e+04   6.5856812e-20
   3.3561570e+04   6.9880218e-21
   3.3561221e+04   2.9434395e-20
   3.3560872e+04   1.4399560e-20
   3.3560523e+04  -1.1223187e-20
   3.3560174e+04   3.1763736e-20
   3.3559826e+04   2.2022857e-20
   3.3559477e+04  -8.4703295e-21
   3.3559128e+04  -1.8634725e-20
   3.3558779e+04  -1.5246593e-20
   3.3558430e+04  -2.2022857e-20
   3.3558082e+04  -3.5575384e-20
   3.3557733e+04  -1.0164395e-20
   3.3557384e+04  -2.4563955e-20
   3.3557035e+04  -2.3928681e-20
   3.3556686e+04  -1.7152417e-20
   3.3556338e+04   5.7174724e-21
   3.3555989e+04   4.6586812e-21
   3.3555640e+04   7.5174174e-21
   3.3555291e+04   1.3129011e-20
   3.3554942e+04   8.7879668e-21
   3.3554594e+04   6.4586262e-21
   3.3554245e+04   3.3881318e-21
   3.3553896e+04   1.0799670e-20
   3.3553547e+04  -4.2351647e-21
   3.3553198e+04  -2.8587362e-21
   3.3552850e+04   3.4146016e-20
   3.3552501e+04   3.4304834e-20
   3.3552152e+04   4.2351647e-20
   3.3551803e+04   5.4845383e-20
   3.3551454e+04   6.6068570e-20
   3.3551106e+04   4.7433845e-20
   3.3550757e+04   4.7433845e-20
   3.3550408e+04  -5.0821977e-21
   3.3550059e+04   3.3881318e-21
   3.3549710e+04  -1.3552527e-20
   3.3549362e+04   7.6232965e-21
   3.3549013e+04   3.3881318e-20
   3.3548664e+04   2.2869890e-20
   3.3548315e+04  -7.6232965e-21
   3.3547966e+04  -8.0468130e-21
   3.3547618e+04  -1.9481758e-20
   3.3547269e+04  -2.3716923e-20
   3.3546920e+04  -2.8799120e-20
   3.3546571e+04  -7.0144916e-22
   3.3546222e+04   4.9432313e-21
   3.3545874e+04   7.3176533e-21
   3.3545525e+04   2.3768376e-20
   3.3545176e+04   3.8273308e-20
   3.3544827e+04   2.8160430e-20
   3.3544478e+04   2.4211060e-20
   3.3544129e+04   1.7480747e-20
   3.3543781e+04   7.5765748e-22
   3.3543432e+04  -1.5617840e-21
   3.3543083e+04  -9.3607149e-22
   3.3542734e+04   3.4694411e-21
   3.3542385e+04   9.2230638e-21
   3.3542037e+04   1.4594775e-20
   3.3541688e+04   4.2523701e-20
   3.3541339e+04   3.4463653e-20
   3.3540990e+04   3.2822527e-20
   3.3540641e+04   2.8163845e-20
   3.3540293e+04   2.2022857e-20
   3.3539944e+04   3.4304834e-20
   3.3539595e+04   2.5622747e-20
   3.3539246e+04  -1.3764285e-20
   3.3538897e+04   2.9857911e-20
   3.3538549e+04   3.4728351e-20
   3.3538200e+04  -1.9058241e-21
   3.3537851e+04   1.2281978e-20
   3.3537502e+04  -5.0821977e-20
   3.3537153e+04  -1.6940659e-20
   3.3536805e+04  -6.1409889e-20
   3.3536456e+04  -3.0493186e-20
   3.3536107e+04  -2.1069945e-20
   3.3535758e+04   3.1829910e-21
   3.3535409e+04   2.3716923e-20
   3.3535061e+04   2.3511368e-20
   3.3534712e+04  -2.3864746e-23
   3.3534363e+04  -5.7953004e-21
   3.3534014e+04  -3.0468252e-20
   3.3533665e+04  -5.3537432e-20
   3.3533317e+04  -5.9487411e-20
   3.3532968e+04  -5.3167879e-20
   3.3532619e+04  -5.6217091e-20
   3.3532270e+04  -4.4123007e-20
   3.3531921e+04  -1.0045514e-20
   3.3531573e+04  -1.6753652e-21
   3.3531224e+04   1.3571228e-20
   3.3530875e+04   4.1247174e-20
   3.3530526e+04   6.3948360e-20
   3.3530177e+04   4.4196205e-20
   3.3529829e+04   6.6454685e-20
   3.3529480e+04   4.0844405e-20
   3.3529131e+04   7.4223309e-20
   3.3528782e+04   5.8916519e-20
   3.3528433e+04   6.4615291e-20
   3.3528085e+04   3.5085253e-22
   3.3527736e+04   1.1667042e-19
   3.3527387e+04  -5.5711117e-20
   3.3527038e+04   1.1236107e-19
   3.3526689e+04  -2.2178033e-19
   3.3526341e+04   2.2700483e-19
   3.3525992e+04  -3.9641142e-19
   3.3525643e+04   5.5057142e-19
   3.3525294e+04  -8.6905580e-19
   3.3524945e+04   1.4937426e-18
   3.3524597e+04  -2.3676688e-18
   3.3524248e+04   4.1057275e-18
   3.3523899e+04  -7.1823034e-18
   3.3523550e+04   1.2984249e-17
   3.3523201e+04  -2.4778107e-17
   3.3522853e+04   4.8836800e-17
   3.3522504e+04  -1.0228553e-16
   3.3522155e+04   2.2605347e-16
   3.3521806e+04  -5.3651701e-16
   3.3521457e+04   1.3771985e-15
   3.3521109e+04  -3.8817074e-15
   3.3520760e+04   1.2185999e-14
   3.3520411e+04  -4.3123735e-14
   3.3520062e+04   1.6839600e-13
   3.3519713e+04  -4.7660558e-13
   3.3519365e+04  -2.6709920e-11
   3.3519016e+04  -4.4077140e-09
   3.3518667e+04  -7.2258471e-08
   3.3518318e+04  -5.7699341e-07
   3.3517969e+04  -2.9512267e-06
   3.3517621e+04  -1.0898494e-05
   3.3517272e+04  -3.1076225e-05
   3.3516923e+04  -7.1392806e-05
   3.3516574e+04  -1.3598242e-04
   3.3516225e+04  -2.1902015e-04
   3.3515876e+04  -3.0233431e-04
   3.3515528e+04  -3.6075317e-04
   3.3515179e+04  -3.7377958e-04
   3.3514830e+04  -3.3658266e-04
   3.3514481e+04  -2.6271567e-04
   3.3514132e+04  -1.7660437e-04
   3.3513784e+04  -1.0114328e-04
   3.3513435e+04  -4.8552594e-05
   3.3513086e+04  -1.9078079e-05
   3.3512737e+04  -5.9273852e-06
   3.3512388e+04  -1.3813499e-06
   3.3512040e+04  -2.2123112e-07
   3.3511691e+04  -2.0500419e-08
   3.3511342e+04  -6.6191875e-10
   3.3510993e+04   8.6374397e-12
   3.3510644e+04  -6.6117869e-13
   3.3510296e+04   8.7990851e-14
   3.3509947e+04  -5.2250955e-14
   3.3509598e+04   1.9329899e-13
   3.3509249e+04  -1.0874598e-12
   3.3508900e+04   2.3856944e-12
   3.3508552e+04  -2.5725711e-09
   3.3508203e+04  -4.9716549e-08
   3.3507854e+04  -4.3283150e-07
   3.3507505e+04  -2.3485402e-06
   3.3507156e+04  -9.0732229e-06
   3.3506808e+04  -2.6840334e-05
   3.3506459e+04  -6.3619993e-05
   3.3506110e+04  -1.2455724e-04
   3.3505761e+04  -2.0567998e-04
   3.3505412e+04  -2.9057998e-04
   3.3505064e+04  -3.5449091e-04
   3.3504715e+04  -3.7534385e-04
   3.3504366e+04  -3.4543334e-04
   3.3504017e+04  -2.7573934e-04
   3.3503668e+04  -1.8980289e-04
   3.3503320e+04  -1.1153072e-04
   3.3502971e+04  -5.5093999e-05
   3.3502622e+04  -2.2372397e-05
   3.3502273e+04  -7.2286972e-06
   3.3501924e+04  -1.7692315e-06
   3.3501576e+04  -3.0271301e-07
   3.3501227e+04  -3.1089339e-08
   3.3500878e+04  -1.2751218e-09
   3.3500529e+04   1.0497333e-11
   3.3500180e+04  -1.0104312e-12
   3.3499832e+04   1.4879740e-13
   3.3499483e+04  -5.5334051e-14
   3.3499134e+04   1.5921130e-13
   3.3498785e+04  -1.0591138e-12
   3.3498436e+04   1.0267814e-11
   3.3498088e+04  -1.4353810e-09
   3.3497739e+04  -3.3603254e-08
   3.3497390e+04  -3.2112674e-07
   3.3497041e+04  -1.8540000e-06
   3.3496692e+04  -7.5059395e-06
   3.3496344e+04  -2.3059944e-05
   3.3495995e+04  -5.6435789e-05
   3.3495646e+04  -1.1362970e-04
   3.3495297e+04  -1.9243484e-04
   3.3494948e+04  -2.7830625e-04
   3.3494600e+04  -3.4716167e-04
   3.3494251e+04  -3.7565539e-04
   3.3493902e+04  -3.5331469e-04
   3.3493553e+04  -2.8838746e-04
   3.3493204e+04  -2.0321938e-04
   3.3492856e+04  -1.2247707e-04
   3.3492507e+04  -6.2225592e-05
   3.3492158e+04  -2.6093335e-05
   3.3491809e+04  -8.7578192e-06
   3.3491460e+04  -2.2469801e-06
   3.3491112e+04  -4.0932278e-07
   3.3490763e+04  -4.6210577e-08
   3.3490414e+04  -2.3104436e-09
   3.3490065e+04   5.0512641e-12
   3.3489716e+04  -1.1198693e-12
   3.3489368e+04   1.8783557e-13
   3.3489019e+04  -3.9136069e-14
   3.3488670e+04   9.8247035e-15
   3.3488321e+04  -2.8641541e-15
   3.3487972e+04   9.4232747e-16
   3.3487624e+04  -3.4241672e-16
   3.3487275e+04   1.3514569e-16
   3.3486926e+04  -5.7241811e-17
   3.3486577e+04   2.5681209e-17
   3.3486228e+04  -1.2191108e-17
   3.3485879e+04   5.9887537e-18
   3.3485531e+04  -3.0647021e-18
   3.3485182e+04   1.6864087e-18
   3.3484833e+04  -8.3431052e-19
   3.3484484e+04   5.8985443e-19
   3.3484135e+04  -1.7743880e-19
   3.3483787e+04   2.7743641e-19
   3.3483438e+04  -3.9131639e-20
   3.3483089e+04   1.5256139e-19
   3.3482740e+04   1.2753224e-20
   3.3482391e+04   4.7678284e-20
   3.3482043e+04  -4.7027960e-20
   3.3481694e+04  -3.5575384e-20
   3.3481345e+04  -9.3173624e-20
   3.3480996e+04  -6.1409889e-20
   3.3480647e+04  -1.0439681e-19
   3.3480299e+04  -5.8021757e-20
   3.3479950e+04  -6.4162746e-20
   3.3479601e+04  -2.5900679e-20
   3.3479252e+04  -2.9712328e-21
   3.3478903e+04   2.0909885e-20
   3.3478555e+04   4.5062745e-20
   3.3478206e+04   3.0436687e-20
   3.3477857e+04   3.4362952e-20
   3.3477508e+04   6.8432018e-20
   3.3477159e+04   1.0157601e-20
   3.3476811e+04   1.9509315e-20
   3.3476462e+04  -1.8856006e-21
   3.3476113e+04  -1.4309422e-20
   3.3475764e+04  -1.9550802e-21
   3.3475415e+04  -1.1671518e-21
   3.3475067e+04   1.9663738e-20
   3.3474718e+04   2.4127204e-20
   3.3474369e+04   5.3416015e-20
   3.3474020e+04   6.6492086e-20
   3.3473671e+04   5.5904175e-20
   3.3473323e+04   5.2939559e-20
   3.3472974e+04   4.1928131e-20
   3.3472625e+04   4.0234065e-20
   3.3472276e+04   1.8846483e-20
   3.3471927e+04   4.0234065e-21
   3.3471579e+04   1.5881868e-20
   3.3471230e+04  -4.7433845e-20
   3.3470881e+04  -3.1551977e-20
   3.3470532e+04  -6.6068570e-20
   3.3470183e+04  -6.2680438e-20
   3.3469835e+04  -6.9456702e-20
   3.3469486e+04  -5.7598240e-20
   3.3469137e+04  -3.8116483e-20
   3.3468788e+04  -3.4728351e-20
   3.3468439e+04  -1.7787692e-20
   3.3468091e+04  -8.4703295e-22
   3.3467742e+04   1.2493736e-20
   3.3467393e+04   2.0964065e-20
   3.3467044e+04   1.3340769e-20
   3.3466695e+04   1.3976044e-20
   3.3466347e+04   4.5210384e-20
   3.3465998e+04   1.5246593e-20
   3.3465649e+04   3.2928406e-20
   3.3465300e+04   4.2881043e-20
   3.3464951e+04   3.4728351e-20
   3.3464603e+04   3.1975494e-20
   3.3464254e+04   5.5904175e-20
   3.3463905e+04   5.8974669e-20
   3.3463556e+04   3.6687115e-20
   3.3463207e+04   2.6681538e-20
   3.3462859e+04   3.8116483e-20
   3.3462510e+04   3.8751757e-20
   3.3462161e+04   2.2022857e-20
   3.3461812e+04   1.6940659e-20
   3.3461463e+04  -3.3881318e-21
   3.3461115e+04  -1.8634725e-20
   3.3460766e+04  -1.3552527e-20
   3.3460417e+04  -3.3881318e-20
   3.3460068e+04  -5.1669010e-20
   3.3459719e+04  -4.4045713e-20
   3.3459371e+04  -2.0328791e-20
   3.3459022e+04   6.7762636e-21
   3.3458673e+04   2.1175824e-21
   3.3458324e+04  -4.0234065e-21
   3.3457975e+04   3.0916703e-20
   3.3457626e+04   3.2822527e-20
   3.3457278e+04   3.4662176e-20
   3.3456929e+04   3.9459824e-20
   3.3456580e+04   4.2098944e-20
   3.3456231e+04   3.0121123e-20
   3.3455882e+04   1.7097485e-20
   3.3455534e+04   2.2654716e-20
   3.3455185e+04   5.5127763e-20
   3.3454836e+04   2.9762725e-20
   3.3454487e+04   3.9085898e-20
   3.3454138e+04   3.9942830e-20
   3.3453790e+04   7.9577745e-21
   3.3453441e+04   1.5751419e-20
   3.3453092e+04   2.7857789e-20
   3.3452743e+04   2.1794555e-20
   3.3452394e+04  -1.5220123e-21
   3.3452046e+04  -7.2527196e-21
   3.3451697e+04  -1.5246593e-20
   3.3451348e+04  -1.0164395e-20
   3.3450999e+04   6.3527471e-21
   3.3450650e+04  -2.1599340e-20
   3.3450302e+04  -1.9905274e-20
   3.3449953e+04  -1.7152417e-20
   3.3449604e+04   4.4469230e-21
   3.3449255e+04  -7.4115383e-21
   3.3448906e+04  -2.1175824e-21
   3.3448558e+04  -5.7174724e-21
   3.3448209e+04   1.3552527e-20
   3.3447860e+04  -6.7762636e-21
   3.3447511e+04   1.1858461e-20
   3.3447162e+04   8.4703295e-22
   3.3446814e+04   8.3644504e-21
   3.3446465e+04   3.3232808e-20
   3.3446116e+04   1.2705494e-20
   3.3445767e+04   1.8840279e-20
   3.3445418e+04   1.7388040e-20
   3.3445070e+04   2.4006509e-20
   3.3444721e+04   2.8774186e-20
   3.3444372e+04   4.0408422e-20
   3.3444023e+04   4.6993675e-20
   3.3443674e+04   5.5285462e-20
   3.3443326e+04   5.4311267e-20
   3.3442977e+04   6.0428391e-20
   3.3442628e+04   3.6727052e-20
   3.3442279e+04   5.0379760e-20
   3.3441930e+04   3.3015584e-20
   3.3441582e+04   1.6562825e-20
   3.3441233e+04  -1.7043910e-20
   3.3440884e+04  -1.7091151e-20
   3.3440535e+04  -3.2996883e-20
   3.3440186e+04  -3.1527043e-20
   3.3439838e+04  -1.5354519e-20
   3.3439489e+04  -1.1906191e-20
   3.3439140e+04  -1.2099248e-20
   3.3438791e+04  -2.4684349e-21
   3.3438442e+04   9.5374933e-21
   3.3438094e+04  -4.5932837e-20
   3.3437745e+04   4.1798922e-20
   3.3437396e+04   4.4326927e-20
   3.3437047e+04   5.4210109e-20
   3.3436698e+04   3.3881318e-20
   3.3436350e+04   2.3716923e-20
   3.3436001e+04   2.0328791e-20
   3.3435652e+04   2.2869890e-20
   3.3435303e+04   2.3081648e-20
   3.3434954e+04   2.4511016e-20
   3.3434606e+04   1.6000982e-20
   3.3434257e+04   1.1939525e-20
   3.3433908e+04   2.8311497e-20
   3.3433559e+04   1.4667817e-20
   3.3433210e+04   2.5670508e-20
   3.3432862e+04   2.0400562e-20
   3.3432513e+04   1.2288772e-20
   3.3432164e+04   1.4372003e-20
   3.3431815e+04   3.0261204e-20
   3.3431466e+04   4.5685428e-21
   3.3431118e+04   3.7318719e-20
   3.3430769e+04   5.1897312e-21
   3.3430420e+04  -5.4792444e-21
   3.3430071e+04  -2.2234615e-20
   3.3429722e+04  -1.5034835e-20
   3.3429374e+04  -2.7952087e-20
   3.3429025e+04  -6.7762636e-21
   3.3428676e+04  -6.7762636e-21
   3.3428327e+04   6.7762636e-21
   3.3427978e+04  -2.7105054e-20
   3.3427629e+04   6.7762636e-20
   3.3427281e+04   2.7105054e-20
   3.3426932e+04   0.0000000e+00
   3.3426583e+04   0.0000000e+00
   3.3426234e+04   1.3552527e-20
   3.3425885e+04   2.7105054e-20
   3.3425537e+04   4.0657581e-20
   3.3425188e+04   0.0000000e+00
   3.3424839e+04  -3.3881318e-20
   3.3424490e+04  -3.3881318e-21
   3.3424141e+04  -1.0164395e-20
   3.3423793e+04  -9.3173624e-21
   3.3423444e+04   5.0821977e-21
   3.3423095e+04   8.3644504e-21
   3.3422746e+04   1.4293681e-20
   3.3422397e+04   7.7233854e-21
   3.3422049e+04   1.0091733e-20
   3.3421700e+04   2.2022322e-20
   3.3421351e+04   9.4263583e-21
   3.3421002e+04  -5.5114130e-21
   3.3420653e+04   4.1017693e-21
   3.3420305e+04  -1.8271405e-20
   3.3419956e+04   1.3563925e-20
   3.3419607e+04  -9.9163052e-21
   3.3419258e+04   2.2837423e-21
   3.3418909e+04  -1.2176099e-20
   3.3418561e+04  -1.5524526e-20
   3.3418212e+04   9.5291207e-22
   3.3417863e+04   2.2446373e-20
   3.3417514e+04   2.5410988e-21
   3.3417165e+04   3.0493186e-20
   3.3416817e+04   0.0000000e+00
   3.3416468e+04   6.7762636e-21
   3.3416119e+04   0.0000000e+00
   3.3415770e+04  -1.3552527e-20
   3.3415421e+04   0.0000000e+00
   3.3415073e+04   0.0000000e+00
   3.3414724e+04   2.3716923e-20
   3.3414375e+04  -1.0164395e-20
   3.3414026e+04  -1.8634725e-20
   3.3413677e+04  -1.8634725e-20
   3.3413329e+04   1.1434945e-20
   3.3412980e+04   2.3293406e-21
   3.3412631e+04  -1.6358324e-20
   3.3412282e+04   1.4432647e-20
   3.3411933e+04  -1.1790632e-20
   3.3411585e+04   7.8894677e-21
   3.3411236e+04  -1.1803528e-20
   3.3410887e+04  -7.3022439e-21
   3.3410538e+04   1.3058071e-21
   3.3410189e+04  -3.9282197e-21
   3.3409841e+04  -6.4751299e-21
   3.3409492e+04  -1.7496457e-20
   3.3409143e+04   5.1255491e-22
   3.3408794e+04   3.0950514e-21
   3.3408445e+04   1.1530898e-21
   3.3408097e+04   1.4419412e-20
   3.3407748e+04   1.2308448e-20
   3.3407399e+04  -1.1646703e-20
   3.3407050e+04  -1.3976044e-20
   3.3406701e+04   1.6940659e-21
   3.3406353e+04  -1.6940659e-20
   3.3406004e+04  -3.7269450e-20
   3.3405655e+04  -2.0328791e-20
   3.3405306e+04  -3.3881318e-21
   3.3404957e+04  -4.0657581e-20
   3.3404609e+04  -1.3552527e-20
   3.3404260e+04   1.3552527e-20
   3.3403911e+04  -4.0657581e-20
   3.3403562e+04  -1.0164395e-20
   3.3403213e+04  -6.7762636e-21
   3.3402865e+04  -2.9646153e-21
   3.3402516e+04  -2.1599340e-20
   3.3402167e+04  -1.0693791e-20
   3.3401818e+04  -5.6976201e-21
   3.3401469e+04  -2.1071599e-20
   3.3401121e+04  -2.6873030e-22
   3.3400772e+04  -7.5753167e-21
   3.3400423e+04   6.1862503e-21
   3.3400074e+04  -7.8970858e-21
   3.3399725e+04  -1.6840515e-20
   3.3399376e+04   7.3052500e-21
   3.3399028e+04  -6.0745125e-21
   3.3398679e+04  -7.7651552e-21
   3.3398330e+04  -1.7308475e-20
   3.3397981e+04   5.3498561e-22
   3.3397632e+04  -1.2957423e-20
   3.3397284e+04  -1.1028776e-20
   3.3396935e+04  -1.4424896e-20
   3.3396586e+04  -4.1483205e-21
   3.3396237e+04  -4.2214724e-20
   3.3395888e+04  -2.7494713e-20
   3.3395540e+04  -7.6402252e-21
   3.3395191e+04  -3.5471368e-20
   3.3394842e+04  -3.3895924e-20
   3.3394493e+04  -3.1796859e-20
   3.3394144e+04  -9.5727557e-21
   3.3393796e+04  -6.0246899e-21
   3.3393447e+04  -1.8682454e-20
   3.3393098e+04  -9.5618011e-21
   3.3392749e+04  -3.1322588e-20
   3.3392400e+04  -8.4703295e-22
   3.3392052e+04   1.6093626e-20
   3.3391703e+04  -1.3129011e-20
   3.3391354e+04   2.2869890e-20
   3.3391005e+04  -1.3552527e-20
   3.3390656e+04   9.3173624e-21
   3.3390308e+04  -1.2559910e-20
   3.3389959e+04   2.7462396e-21
   3.3389610e+04  -3.7070099e-21
   3.3389261e+04   1.5840108e-20
   3.3388912e+04   2.6201522e-20
   3.3388564e+04   5.1403152e-21
   3.3388215e+04   2.5656854e-20
   3.3387866e+04   2.9215842e-20
   3.3387517e+04   3.0732501e-20
   3.3387168e+04   2.1831322e-20
   3.3386820e+04   5.1723362e-21
   3.3386471e+04   3.3620304e-20
   3.3386122e+04   2.0855705e-20
   3.3385773e+04   2.0087254e-20
   3.3385424e+04   1.2692259e-20
   3.3385076e+04  -1.8528846e-21
   3.3384727e+04  -1.9058241e-21
   3.3384378e+04  -7.4115383e-21
   3.3384029e+04  -2.6258021e-20
   3.3383680e+04  -1.8211208e-20
   3.3383332e+04  -8.2585712e-21
   3.3382983e+04   2.3505164e-20
   3.3382634e+04  -1.2493736e-20
   3.3382285e+04   4.2351647e-21
   3.3381936e+04   1.3340769e-20
   3.3381588e+04  -2.8375604e-20
create: Spinach root directory determined to be /home/jotelha/parallel/spinach
 
===========================================
=                                         =
=            SPINACH 1.1.1054             =
=                                         =
=       Ilya Kuprov, Hannah Hogben,       =
=    Luke Edwards, Matthew Krzystyniak    =
=       Peter Hore, Gareth Charnock       =
=                                         =
=        Oxford e-Research Centre         =
=          University of Oxford           =
=                                         =
=         GNU Public License v2.5         =
=                                         =
===========================================
 
tolerances: Liouvillian zero tolerance                                          1.00000000e-07       (safe default)
tolerances: relaxation superoperator zero tolerance                             1.00000000e-07       (safe default)
tolerances: sparse matrix exponentiation method                                 taylor               (safe default)
tolerances: exponential propagator zero tolerance                               1.00000000e-08       (safe default)
tolerances: norm tolerance for series terms of exponential propagator           1.00000000e-09       (safe default)
tolerances: zero tolerance for series terms of exponential propagator           1.00000000e-10       (safe default)
tolerances: final zero tolerance in the derivative propagator                   1.00000000e-08       (safe default)
tolerances: norm tolerance for the series terms of the derivative propagator    1.00000000e-09       (safe default)
tolerances: zero tolerance for the series terms of the derivative propagator    1.00000000e-10       (safe default)
tolerances: subspace dimension for Krylov propagator                            30                   (safe default)
tolerances: Krylov propagation to be used for nnz(L) above                      50000                (safe default)
tolerances: ZTE zero track tolerance                                            1.00000000e-24       (safe default)
tolerances: ZTE sample length                                                   16                   (safe default)
tolerances: ZTE off for state vector densities in excess of                     0.5                  (safe default)
tolerances: proximity cut-off distance (Angstrom)                               4.00000000e+00       (safe default)
tolerances: interaction cutoff tolerance                                        1.00000000e-05       (safe default)
tolerances: basis hush tolerance                                                256                  (safe default)
tolerances: interaction tensor symmetry tolerance                               1.00000000e-05       (safe default)
tolerances: path tracing tolerance                                              1.00000000e-07       (safe default)
tolerances: path drop tolerance                                                 1.00000000e-10       (safe default)
tolerances: irrep population tolerance                                          1.00000000e-10       (safe default)
tolerances: sparse algebra to be used for matrix dimension above                200                  (safe default)
tolerances: sparse algebra to be used for matrix density below                  0.25                 (safe default)
tolerances: relative accuracy of the elements of Redfield superoperator         1.00000000e-04       (safe default)
tolerances: Lebedev grid rank                                                   101                  (user-specified)
tolerances: propagator differentiation algorithm                                hausdorff            (safe default)
tolerances: Hausdorff series order for propagator gradients                     Inf                  (safe default)
tolerances: norm estimation tolerance                                           0.0005               (safe default)
tolerances: Planck constant (hbar)                                              1.05457163e-34      
tolerances: Boltzmann constant (k)                                              1.38065030e-23      
tolerances: free electron g-factor                                              2.00231930e+00      
 
===========================================
=                                         =
=               SPIN SYSTEM               =
=                                         =
===========================================
 
create: SOLID REGIME, full coupling tensors will be used to infer spin system connectivity.
create: 20 spins in the simulation.
create: magnetic induction of 3.356 Tesla (142.89 MHz proton frequency, -94.052 GHz electron frequency).
create: summary of non-zero Zeeman interactions (ppm for nuclei, g-tensor for electrons)
========================================================================================================================
   Spin  2S+1             Eigenvalues ( A | B | C )                    Eigenvectors ( A | B | C )           Isotropic   
------------------------------------------------------------------------------------------------------------------------
 symmetrize: WARNING - significant asymmetry detected in a coupling tensor.
 symmetrize: WARNING - symmetric part norm: 2.0066
 symmetrize: WARNING - anti-symmetric part norm: 0.0002872
 symmetrize: WARNING - the tensor has been symmetrized.
1   E     2     +2.00335e+00   +2.00582e+00   +2.00661e+00   +4.367e-01   -7.002e-01   -5.648e-01   +2.00526e+00
                                                                +8.996e-01   +3.342e-01   +2.812e-01
                                                                -8.097e-03   -6.309e-01   +7.758e-01
========================================================================================================================
 symmetrize: WARNING - significant asymmetry detected in a coupling tensor.
 symmetrize: WARNING - symmetric part norm: 1267383471.837
 symmetrize: WARNING - anti-symmetric part norm: 84762256.6675
 symmetrize: WARNING - the tensor has been symmetrized.
create: summary of non-zero Zeeman interactions (angular frequencies)
========================================================================================================================
   Spin  2S+1             Eigenvalues ( A | B | C )                    Eigenvectors ( A | B | C )           Isotropic   
------------------------------------------------------------------------------------------------------------------------
1   E     2     -3.03256e+08   -1.03364e+09   -1.26738e+09   +4.367e-01   -7.002e-01   -5.648e-01   -8.68094e+08
                                                                +8.996e-01   +3.342e-01   +2.812e-01
                                                                -8.097e-03   -6.309e-01   +7.758e-01
========================================================================================================================
create: WARNING - no coordinates given, point dipolar interactions assumed to be zero.
create: summary of spin-spin couplings (angular frequencies)
========================================================================================================
L   S          Eigenvalues ( A | B | C )                 Eigenvectors ( A | B | C )          Isotropic  
--------------------------------------------------------------------------------------------------------
1   2   +1.821e+08   +2.102e+08   +5.126e+08   +9.789e-01   +1.900e-01   -7.543e-02   +3.016e+08
                                                  -1.321e-01   +3.064e-01   -9.427e-01
                                                  -1.560e-01   +9.328e-01   +3.250e-01
 
1   3   +1.547e+07   -1.983e+07   -2.203e+07   +6.090e-01   +3.829e-02   +7.922e-01   -8.797e+06
                                                  +5.702e-01   +6.732e-01   -4.709e-01
                                                  -5.513e-01   +7.385e-01   +3.881e-01
 
1   4   -1.187e+07   -1.400e+07   +2.655e+07   +3.031e-01   -9.459e-01   -1.154e-01   +2.275e+05
                                                  +1.862e-01   +1.776e-01   -9.663e-01
                                                  +9.346e-01   +2.714e-01   +2.299e-01
 
1   5   +1.162e+07   -1.611e+07   -1.683e+07   -4.381e-01   -5.722e-01   +6.933e-01   -7.106e+06
                                                  +1.179e-01   -8.012e-01   -5.867e-01
                                                  +8.911e-01   -1.753e-01   +4.185e-01
 
1   6   +1.446e+07   -1.456e+07   -1.562e+07   -9.040e-01   -3.931e-01   -1.680e-01   -5.240e+06
                                                  +3.922e-01   -6.061e-01   -6.920e-01
                                                  +1.702e-01   -6.915e-01   +7.020e-01
 
1   7   -8.278e+06   -9.639e+06   +1.748e+07   +1.540e-01   +8.506e-01   +5.028e-01   -1.451e+05
                                                  -6.704e-01   +4.637e-01   -5.792e-01
                                                  -7.259e-01   -2.479e-01   +6.416e-01
 
1   8   -1.541e+06   -1.299e+07   +1.544e+07   -1.702e-01   -8.426e-01   +5.109e-01   +3.060e+05
                                                  +2.878e-01   -5.384e-01   -7.920e-01
                                                  +9.424e-01   +1.222e-02   +3.342e-01
 
1   9   -5.217e+06   -9.178e+06   +1.492e+07   -6.766e-01   +4.532e-01   -5.804e-01   +1.751e+05
                                                  -7.124e-01   -6.023e-01   +3.602e-01
                                                  -1.863e-01   +6.572e-01   +7.303e-01
 
1   10  -6.496e+06   -7.304e+06   +1.189e+07   +4.340e-01   +1.885e-01   -8.810e-01   -6.365e+05
                                                  +6.821e-01   +5.701e-01   +4.580e-01
                                                  +5.885e-01   -7.997e-01   +1.188e-01
 
1   11  -4.001e+06   -6.933e+06   +1.305e+07   +9.954e-01   -9.509e-02   -1.065e-02   +7.064e+05
                                                  +4.720e-02   +3.912e-01   +9.191e-01
                                                  -8.324e-02   -9.154e-01   +3.939e-01
 
1   12  -5.397e+06   -6.465e+06   +1.248e+07   +9.307e-01   -3.658e-01   +3.553e-03   +2.065e+05
                                                  +3.402e-01   +8.619e-01   -3.759e-01
                                                  +1.344e-01   +3.511e-01   +9.266e-01
 
1   13  -4.269e+06   -7.159e+06   +1.165e+07   +9.171e-01   -2.835e-01   -2.802e-01   +7.309e+04
                                                  +1.973e-01   +9.337e-01   -2.989e-01
                                                  +3.463e-01   +2.188e-01   +9.122e-01
 
1   14  -6.086e+06   -6.405e+06   +1.121e+07   +2.880e-01   -9.558e-01   -5.957e-02   -4.262e+05
                                                  +1.605e-01   -1.314e-02   +9.869e-01
                                                  -9.441e-01   -2.938e-01   +1.497e-01
 
1   15  -2.291e+06   -7.948e+06   +1.139e+07   +9.075e-01   -1.485e-01   +3.928e-01   +3.820e+05
                                                  +6.361e-02   +9.732e-01   +2.209e-01
                                                  -4.151e-01   -1.755e-01   +8.927e-01
 
1   16  -5.542e+06   -6.229e+06   +1.122e+07   -4.371e-01   +7.180e-01   +5.417e-01   -1.831e+05
                                                  -8.990e-01   -3.680e-01   -2.375e-01
                                                  +2.883e-02   -5.908e-01   +8.063e-01
 
1   17  -4.485e+06   -6.932e+06   +1.043e+07   -2.134e-01   -5.731e-01   -7.912e-01   -3.303e+05
                                                  +7.593e-01   +4.123e-01   -5.035e-01
                                                  +6.148e-01   -7.082e-01   +3.472e-01
 
1   18  -5.393e+06   -5.688e+06   +1.057e+07   +3.480e-01   +7.209e-01   +5.993e-01   -1.692e+05
                                                  -9.045e-01   +9.000e-02   +4.169e-01
                                                  +2.466e-01   -6.872e-01   +6.834e-01
 
1   19  -5.038e+06   -5.863e+06   +1.055e+07   +1.888e-01   +8.721e-01   +4.513e-01   -1.156e+05
                                                  -3.584e-01   -3.667e-01   +8.585e-01
                                                  +9.143e-01   -3.239e-01   +2.434e-01
 
1   20  -5.128e+06   -5.391e+06   +1.006e+07   +8.343e-01   -5.044e-01   +2.224e-01   -1.523e+05
                                                  +3.005e-01   +7.543e-01   +5.837e-01
                                                  -4.622e-01   -4.202e-01   +7.809e-01
========================================================================================================
create: spin temperature: 0 Kelvin.
create: relaxation theory: none.
create: rotational correlation time(s): 0 seconds.
create: terms to keep in the relaxation superoperator: kite.
create: action to take on dynamic frequency shifts: ignore.
create: equilibrium state to relax towards: zero.
create: non-specific relaxation rate: 0 Hz.
create: connectivity matrix density 14.5%
create: proximity matrix density 5%
 
===========================================
=                                         =
=                BASIS SET                =
=                                         =
===========================================
 
basis: ESR-1 basis set - complete on electrons, {E,Lz} on nuclei.
basis: over 256 states in the basis - printing suppressed.
basis: state space dimension 3145728 (0.00012716% of the full state space).
basis: no symmetry information available.
 
===========================================
=                                         =
=              PULSE SEQUENCE             =
=                                         =
===========================================
 
pulse_acquire: computing pulse_acquire...
 sequence_report: sweep width: 1000000000 Hz
 sequence_report: number of points: 512
 sequence_report: zerofilled to: 1024
 sequence_report: offset: 0 Hz
 secularity: rotating frame assumptions set to "nmr".
 equilibrium: computing the thermal equilibrium state...
 equilibrium: using the isotropic part of the Hamiltonian...
  secularity: rotating frame assumptions set to "keep_all".
  h_superop: full isotropic Zeeman term for spin 1...
             Lz x -94189905921.2522 Hz
  h_superop: full isotropic Zeeman term for spin 2...
             Lz x 10328781.8066 Hz
  h_superop: full isotropic Zeeman term for spin 3...
             Lz x 142890027.2851 Hz
  h_superop: full isotropic Zeeman term for spin 4...
             Lz x 142890027.2851 Hz
  h_superop: full isotropic Zeeman term for spin 5...
             Lz x 142890027.2851 Hz
  h_superop: full isotropic Zeeman term for spin 6...
             Lz x 142890027.2851 Hz
  h_superop: full isotropic Zeeman term for spin 7...
             Lz x 142890027.2851 Hz
  h_superop: full isotropic Zeeman term for spin 8...
             Lz x 142890027.2851 Hz
  h_superop: full isotropic Zeeman term for spin 9...
             Lz x 142890027.2851 Hz
  h_superop: full isotropic Zeeman term for spin 10...
             Lz x 142890027.2851 Hz
  h_superop: full isotropic Zeeman term for spin 11...
             Lz x 142890027.2851 Hz
  h_superop: full isotropic Zeeman term for spin 12...
             Lz x 142890027.2851 Hz
  h_superop: full isotropic Zeeman term for spin 13...
             Lz x 142890027.2851 Hz
  h_superop: full isotropic Zeeman term for spin 14...
             Lz x 142890027.2851 Hz
  h_superop: full isotropic Zeeman term for spin 15...
             Lz x 142890027.2851 Hz
  h_superop: full isotropic Zeeman term for spin 16...
             Lz x 142890027.2851 Hz
  h_superop: full isotropic Zeeman term for spin 17...
             Lz x 142890027.2851 Hz
  h_superop: full isotropic Zeeman term for spin 18...
             Lz x 142890027.2851 Hz
  h_superop: full isotropic Zeeman term for spin 19...
             Lz x 142890027.2851 Hz
  h_superop: full isotropic Zeeman term for spin 20...
             Lz x 142890027.2851 Hz
  h_superop: strong isotropic coupling term for spins 1,2...
             (LxSx+LySy+LzSz) x 48006966.6667 Hz
  h_superop: strong isotropic coupling term for spins 1,3...
             (LxSx+LySy+LzSz) x -1400100 Hz
  h_superop: strong isotropic coupling term for spins 1,4...
             (LxSx+LySy+LzSz) x 36200 Hz
  h_superop: strong isotropic coupling term for spins 1,5...
             (LxSx+LySy+LzSz) x -1131000 Hz
  h_superop: strong isotropic coupling term for spins 1,6...
             (LxSx+LySy+LzSz) x -834000 Hz
  h_superop: strong isotropic coupling term for spins 1,7...
             (LxSx+LySy+LzSz) x -23100 Hz
  h_superop: strong isotropic coupling term for spins 1,8...
             (LxSx+LySy+LzSz) x 48700 Hz
  h_superop: strong isotropic coupling term for spins 1,9...
             (LxSx+LySy+LzSz) x 27866.6667 Hz
  h_superop: strong isotropic coupling term for spins 1,10...
             (LxSx+LySy+LzSz) x -101300 Hz
  h_superop: strong isotropic coupling term for spins 1,11...
             (LxSx+LySy+LzSz) x 112433.3333 Hz
  h_superop: strong isotropic coupling term for spins 1,12...
             (LxSx+LySy+LzSz) x 32866.6667 Hz
  h_superop: strong isotropic coupling term for spins 1,13...
             (LxSx+LySy+LzSz) x 11633.3333 Hz
  h_superop: strong isotropic coupling term for spins 1,14...
             (LxSx+LySy+LzSz) x -67833.3333 Hz
  h_superop: strong isotropic coupling term for spins 1,15...
             (LxSx+LySy+LzSz) x 60800 Hz
  h_superop: strong isotropic coupling term for spins 1,16...
             (LxSx+LySy+LzSz) x -29133.3333 Hz
  h_superop: strong isotropic coupling term for spins 1,17...
             (LxSx+LySy+LzSz) x -52566.6667 Hz
  h_superop: strong isotropic coupling term for spins 1,18...
             (LxSx+LySy+LzSz) x -26933.3333 Hz
  h_superop: strong isotropic coupling term for spins 1,19...
             (LxSx+LySy+LzSz) x -18400 Hz
  h_superop: strong isotropic coupling term for spins 1,20...
             (LxSx+LySy+LzSz) x -24233.3333 Hz
 equilibrium: WARNING - high temperature approximation.
pulse_acquire: building anisotropic Liouvillian...
 h_superop: offset isotropic Zeeman term for spin 1...
            Lz x -138161476.162 Hz
 h_superop: secular anisotropic Zeeman term for spin 1...
            PHI( 2) -4.04118e+07-5.15746e+07i Hz
            PHI( 1) -1.58904e+07-8.96214e+06i Hz
            PHI( 0) -5.96853e+07 Hz
            PHI(-1) +1.58904e+07-8.96214e+06i Hz
            PHI(-2) -4.04118e+07+5.15746e+07i Hz
 h_superop: weak isotropic coupling term for spins 1,2...
            LzSz x 48006966.6667 Hz
 h_superop: weak anisotropic coupling term for spins 1,2...
            PHI( 2) -2.33483e+07-3.99970e+06i Hz
            PHI( 1) +4.97900e+05-1.48367e+07i Hz
            PHI( 0) -1.17312e+07 Hz
            PHI(-1) -4.97900e+05-1.48367e+07i Hz
            PHI(-2) -2.33483e+07+3.99970e+06i Hz
 h_superop: weak isotropic coupling term for spins 1,3...
            LzSz x -1400100 Hz
 h_superop: weak anisotropic coupling term for spins 1,3...
            PHI( 2) +5.74000e+04-2.08190e+06i Hz
            PHI( 1) +1.99430e+06-1.70230e+06i Hz
            PHI( 0) -1.23699e+05 Hz
            PHI(-1) -1.99430e+06-1.70230e+06i Hz
            PHI(-2) +5.74000e+04+2.08190e+06i Hz
 h_superop: weak isotropic coupling term for spins 1,4...
            LzSz x 36200 Hz
 h_superop: weak anisotropic coupling term for spins 1,4...
            PHI( 2) -2.96070e+06-7.39000e+05i Hz
            PHI( 1) +7.51000e+04-1.37480e+06i Hz
            PHI( 0) -1.99241e+06 Hz
            PHI(-1) -7.51000e+04-1.37480e+06i Hz
            PHI(-2) -2.96070e+06+7.39000e+05i Hz
 h_superop: weak isotropic coupling term for spins 1,5...
            LzSz x -1131000 Hz
 h_superop: weak anisotropic coupling term for spins 1,5...
            PHI( 2) +3.85200e+05+1.81700e+05i Hz
            PHI( 1) +1.75670e+06+4.92000e+05i Hz
            PHI( 0) +2.51367e+06 Hz
            PHI(-1) -1.75670e+06+4.92000e+05i Hz
            PHI(-2) +3.85200e+05-1.81700e+05i Hz
 h_superop: weak isotropic coupling term for spins 1,6...
            LzSz x -834000 Hz
 h_superop: weak anisotropic coupling term for spins 1,6...
            PHI( 2) +1.57050e+06+1.65740e+06i Hz
            PHI( 1) +6.91000e+05+3.90000e+05i Hz
            PHI( 0) -1.75506e+06 Hz
            PHI(-1) -6.91000e+05+3.90000e+05i Hz
            PHI(-2) +1.57050e+06-1.65740e+06i Hz
 h_superop: weak isotropic coupling term for spins 1,7...
            LzSz x -23100 Hz
 h_superop: weak anisotropic coupling term for spins 1,7...
            PHI( 2) -2.24650e+05+1.27950e+06i Hz
            PHI( 1) -1.36830e+06-1.49880e+06i Hz
            PHI( 0) +4.65526e+05 Hz
            PHI(-1) +1.36830e+06-1.49880e+06i Hz
            PHI(-2) -2.24650e+05-1.27950e+06i Hz
 h_superop: weak isotropic coupling term for spins 1,8...
            LzSz x 48700 Hz
 h_superop: weak anisotropic coupling term for spins 1,8...
            PHI( 2) -8.77750e+05+1.92030e+06i Hz
            PHI( 1) -4.80300e+05-7.03500e+05i Hz
            PHI( 0) +9.43054e+03 Hz
            PHI(-1) +4.80300e+05-7.03500e+05i Hz
            PHI(-2) -8.77750e+05-1.92030e+06i Hz
 h_superop: weak isotropic coupling term for spins 1,9...
            LzSz x 27866.6667 Hz
 h_superop: weak anisotropic coupling term for spins 1,9...
            PHI( 2) +3.81450e+05+4.97900e+05i Hz
            PHI( 1) +1.54620e+06+1.09260e+06i Hz
            PHI( 0) +7.09168e+05 Hz
            PHI(-1) -1.54620e+06+1.09260e+06i Hz
            PHI(-2) +3.81450e+05-4.97900e+05i Hz
 h_superop: weak isotropic coupling term for spins 1,10...
            LzSz x -101300 Hz
 h_superop: weak anisotropic coupling term for spins 1,10...
            PHI( 2) +8.47250e+05+1.19460e+06i Hz
            PHI( 1) +2.87000e+05+2.17900e+05i Hz
            PHI( 0) -1.19229e+06 Hz
            PHI(-1) -2.87000e+05+2.17900e+05i Hz
            PHI(-2) +8.47250e+05-1.19460e+06i Hz
 h_superop: weak isotropic coupling term for spins 1,11...
            LzSz x 112433.3333 Hz
 h_superop: weak anisotropic coupling term for spins 1,11...
            PHI( 2) -1.11270e+06+9.20000e+03i Hz
            PHI( 1) +5.20000e+04+1.14970e+06i Hz
            PHI( 0) -8.80755e+05 Hz
            PHI(-1) -5.20000e+04+1.14970e+06i Hz
            PHI(-2) -1.11270e+06-9.20000e+03i Hz
 h_superop: weak isotropic coupling term for spins 1,12...
            LzSz x 32866.6667 Hz
 h_superop: weak anisotropic coupling term for spins 1,12...
            PHI( 2) -1.49250e+05-4.98000e+04i Hz
            PHI( 1) -3.12000e+04-1.04260e+06i Hz
            PHI( 0) +1.87439e+06 Hz
            PHI(-1) +3.12000e+04-1.04260e+06i Hz
            PHI(-2) -1.49250e+05+4.98000e+04i Hz
 h_superop: weak isotropic coupling term for spins 1,13...
            LzSz x 11633.3333 Hz
 h_superop: weak anisotropic coupling term for spins 1,13...
            PHI( 2) +1.68350e+05-3.33900e+05i Hz
            PHI( 1) +6.18900e+05-7.84600e+05i Hz
            PHI( 0) +1.70848e+06 Hz
            PHI(-1) -6.18900e+05-7.84600e+05i Hz
            PHI(-2) +1.68350e+05+3.33900e+05i Hz
 h_superop: weak isotropic coupling term for spins 1,14...
            LzSz x -67833.3333 Hz
 h_superop: weak anisotropic coupling term for spins 1,14...
            PHI( 2) -1.35925e+06+1.62500e+05i Hz
            PHI( 1) +3.88000e+04+4.06500e+05i Hz
            PHI( 0) -1.03315e+06 Hz
            PHI(-1) -3.88000e+04+4.06500e+05i Hz
            PHI(-2) -1.35925e+06-1.62500e+05i Hz
 h_superop: weak isotropic coupling term for spins 1,15...
            LzSz x 60800 Hz
 h_superop: weak anisotropic coupling term for spins 1,15...
            PHI( 2) +5.31300e+05-3.19000e+05i Hz
            PHI( 1) -7.39900e+05+5.83000e+05i Hz
            PHI( 0) +1.56939e+06 Hz
            PHI(-1) +7.39900e+05+5.83000e+05i Hz
            PHI(-2) +5.31300e+05+3.19000e+05i Hz
 h_superop: weak isotropic coupling term for spins 1,16...
            LzSz x -29133.3333 Hz
 h_superop: weak anisotropic coupling term for spins 1,16...
            PHI( 2) +2.95450e+05+3.14400e+05i Hz
            PHI( 1) -1.21170e+06-5.34700e+05i Hz
            PHI( 0) +1.03299e+06 Hz
            PHI(-1) +1.21170e+06-5.34700e+05i Hz
            PHI(-2) +2.95450e+05-3.14400e+05i Hz
 h_superop: weak isotropic coupling term for spins 1,17...
            LzSz x -52566.6667 Hz
 h_superop: weak anisotropic coupling term for spins 1,17...
            PHI( 2) +4.11100e+05-1.03740e+06i Hz
            PHI( 1) +8.09900e+05-3.01100e+05i Hz
            PHI( 0) -6.98758e+05 Hz
            PHI(-1) -8.09900e+05-3.01100e+05i Hz
            PHI(-2) +4.11100e+05+1.03740e+06i Hz
 h_superop: weak isotropic coupling term for spins 1,18...
            LzSz x -26933.3333 Hz
 h_superop: weak anisotropic coupling term for spins 1,18...
            PHI( 2) +2.23500e+05-6.31900e+05i Hz
            PHI( 1) -1.06400e+06+7.26900e+05i Hz
            PHI( 0) +4.08003e+05 Hz
            PHI(-1) +1.06400e+06+7.26900e+05i Hz
            PHI(-2) +2.23500e+05+6.31900e+05i Hz
 h_superop: weak isotropic coupling term for spins 1,19...
            LzSz x -18400 Hz
 h_superop: weak anisotropic coupling term for spins 1,19...
            PHI( 2) -7.02900e+05-1.00360e+06i Hz
            PHI( 1) -3.09700e+05+5.02900e+05i Hz
            PHI( 0) -7.96329e+05 Hz
            PHI(-1) +3.09700e+05+5.02900e+05i Hz
            PHI(-2) -7.02900e+05+1.00360e+06i Hz
 h_superop: weak isotropic coupling term for spins 1,20...
            LzSz x -24233.3333 Hz
 h_superop: weak anisotropic coupling term for spins 1,20...
            PHI( 2) -3.45500e+05-3.29700e+05i Hz
            PHI( 1) -4.11000e+05+1.11530e+06i Hz
            PHI( 0) +8.26866e+05 Hz
            PHI(-1) +4.11000e+05+1.11530e+06i Hz
            PHI(-2) -3.45500e+05+3.29700e+05i Hz
pulse_acquire: applying the offset...
{Warning: Error caught during construction of remote parfor code.
The parfor construct will now be run locally rather than
on the remote matlabpool. The most likely cause of this is
an inability to send over input arguments because of a
serialization error. The error report from the caught error is:
Error using <a href="matlab:helpUtils.errorDocCallback('distcompserialize')" style="font-weight:bold">distcompserialize</a>
Error during serialization

Error in <a href="matlab:helpUtils.errorDocCallback('distcomp.remoteparfor', '/opt/matlab2012apptrial/toolbox/distcomp/@distcomp/@remoteparfor/remoteparfor.m', 41)" style="font-weight:bold">distcomp.remoteparfor</a> (<a href="matlab: opentoline('/opt/matlab2012apptrial/toolbox/distcomp/@distcomp/@remoteparfor/remoteparfor.m',41,0)">line 41</a>)
    obj.SerializedInitData =
    distcompMakeByteBufferHandle(distcompserialize(varargin));

Error in <a href="matlab:helpUtils.errorDocCallback('parallel_function', '/opt/matlab2012apptrial/toolbox/matlab/lang/parallel_function.m', 437)" style="font-weight:bold">parallel_function</a> (<a href="matlab: opentoline('/opt/matlab2012apptrial/toolbox/matlab/lang/parallel_function.m',437,0)">line 437</a>)
        P = distcomp.remoteparfor(W, @make_channel, parfor_C);

Error in <a href="matlab:helpUtils.errorDocCallback('jlh_pulse_acquire', '/home/jotelha/parallel/spinach/exp/jlh_pulse_acquire.m', 143)" style="font-weight:bold">jlh_pulse_acquire</a> (<a href="matlab: opentoline('/home/jotelha/parallel/spinach/exp/jlh_pulse_acquire.m',143,0)">line 143</a>)
            parfor n=1:1 %grid_size jlh only one repetition

Error in <a href="matlab:helpUtils.errorDocCallback('f6250', '/home/jotelha/parallel/f6250.m', 51)" style="font-weight:bold">f6250</a> (<a href="matlab: opentoline('/home/jotelha/parallel/f6250.m',51,0)">line 51</a>)
fid=jlh_pulse_acquire(spin_system,parameters);

Error in <a href="matlab:helpUtils.errorDocCallback('parallel.internal.cluster.executeScript', '/opt/matlab2012apptrial/toolbox/distcomp/cluster/+parallel/+internal/+cluster/executeScript.m', 23)" style="font-weight:bold">parallel.internal.cluster.executeScript</a> (<a href="matlab: opentoline('/opt/matlab2012apptrial/toolbox/distcomp/cluster/+parallel/+internal/+cluster/executeScript.m',23,0)">line 23</a>)
eval(['iClearAndSetCallerWorkspace(workspaceIn);' scriptName]);

Error in <a href="matlab:helpUtils.errorDocCallback('dctEvaluateFunction>iEvaluateWithNoErrors', '/opt/matlab2012apptrial/toolbox/distcomp/private/dctEvaluateFunction.m', 21)" style="font-weight:bold">dctEvaluateFunction>iEvaluateWithNoErrors</a> (<a href="matlab: opentoline('/opt/matlab2012apptrial/toolbox/distcomp/private/dctEvaluateFunction.m',21,0)">line 21</a>)
        [out{1:nOut}] = feval(fcn, args{:});

Error in <a href="matlab:helpUtils.errorDocCallback('dctEvaluateFunction', '/opt/matlab2012apptrial/toolbox/distcomp/private/dctEvaluateFunction.m', 7)" style="font-weight:bold">dctEvaluateFunction</a> (<a href="matlab: opentoline('/opt/matlab2012apptrial/toolbox/distcomp/private/dctEvaluateFunction.m',7,0)">line 7</a>)
[textOut, out, errOut] = evalc('iEvaluateWithNoErrors(fcn, nOut, args)');

Error in <a href="matlab:helpUtils.errorDocCallback('dctEvaluateTask>iEvaluateTask/nEvaluateTask', '/opt/matlab2012apptrial/toolbox/distcomp/private/dctEvaluateTask.m', 281)" style="font-weight:bold">dctEvaluateTask>iEvaluateTask/nEvaluateTask</a> (<a href="matlab: opentoline('/opt/matlab2012apptrial/toolbox/distcomp/private/dctEvaluateTask.m',281,0)">line 281</a>)
            [output, errOutput, cellTextOutput{end+1}] =
            dctEvaluateFunction(fcn, nOut, args, capText);

Error in <a href="matlab:helpUtils.errorDocCallback('dctEvaluateTask>iEvaluateTask', '/opt/matlab2012apptrial/toolbox/distcomp/private/dctEvaluateTask.m', 134)" style="font-weight:bold">dctEvaluateTask>iEvaluateTask</a> (<a href="matlab: opentoline('/opt/matlab2012apptrial/toolbox/distcomp/private/dctEvaluateTask.m',134,0)">line 134</a>)
nEvaluateTask();

Error in <a href="matlab:helpUtils.errorDocCallback('dctEvaluateTask', '/opt/matlab2012apptrial/toolbox/distcomp/private/dctEvaluateTask.m', 58)" style="font-weight:bold">dctEvaluateTask</a> (<a href="matlab: opentoline('/opt/matlab2012apptrial/toolbox/distcomp/private/dctEvaluateTask.m',58,0)">line 58</a>)
        [resultsFcn, taskPostFcn, taskEvaluatedOK] = iEvaluateTask(job, task,
        runprop);

Error in <a href="matlab:helpUtils.errorDocCallback('distcomp_evaluate_filetask>iDoTask', '/opt/matlab2012apptrial/toolbox/distcomp/distcomp_evaluate_filetask.m', 161)" style="font-weight:bold">distcomp_evaluate_filetask>iDoTask</a> (<a href="matlab: opentoline('/opt/matlab2012apptrial/toolbox/distcomp/distcomp_evaluate_filetask.m',161,0)">line 161</a>)
    dctEvaluateTask(postFcns, finishFcn);

Error in <a href="matlab:helpUtils.errorDocCallback('distcomp_evaluate_filetask', '/opt/matlab2012apptrial/toolbox/distcomp/distcomp_evaluate_filetask.m', 64)" style="font-weight:bold">distcomp_evaluate_filetask</a> (<a href="matlab: opentoline('/opt/matlab2012apptrial/toolbox/distcomp/distcomp_evaluate_filetask.m',64,0)">line 64</a>)
    iDoTask(handlers, postFcns);
} 
{> In <a href="matlab: opentoline('/opt/matlab2012apptrial/toolbox/matlab/lang/parallel_function.m',450,1)">parallel_function at 450</a>
  In <a href="matlab: opentoline('/home/jotelha/parallel/spinach/exp/jlh_pulse_acquire.m',143,1)">jlh_pulse_acquire at 143</a>
  In <a href="matlab: opentoline('/home/jotelha/parallel/f6250.m',51,1)">f6250 at 51</a>
  In <a href="matlab: opentoline('/opt/matlab2012apptrial/toolbox/distcomp/cluster/+parallel/+internal/+cluster/executeScript.m',23,1)">executeScript at 23</a>
  In <a href="matlab: opentoline('/opt/matlab2012apptrial/toolbox/distcomp/private/dctEvaluateFunction.m',21,1)">distcomp/private/dctEvaluateFunction>iEvaluateWithNoErrors at 21</a>
  In <a href="matlab: opentoline('/opt/matlab2012apptrial/toolbox/distcomp/private/dctEvaluateFunction.m',7,1)">distcomp/private/dctEvaluateFunction at 7</a>
  In <a href="matlab: opentoline('/opt/matlab2012apptrial/toolbox/distcomp/private/dctEvaluateTask.m',281,1)">distcomp/private/dctEvaluateTask>iEvaluateTask/nEvaluateTask at 281</a>
  In <a href="matlab: opentoline('/opt/matlab2012apptrial/toolbox/distcomp/private/dctEvaluateTask.m',134,1)">distcomp/private/dctEvaluateTask>iEvaluateTask at 134</a>
  In <a href="matlab: opentoline('/opt/matlab2012apptrial/toolbox/distcomp/private/dctEvaluateTask.m',58,1)">distcomp/private/dctEvaluateTask at 58</a>
  In <a href="matlab: opentoline('/opt/matlab2012apptrial/toolbox/distcomp/distcomp_evaluate_filetask.m',161,1)">distcomp_evaluate_filetask>iDoTask at 161</a>
  In <a href="matlab: opentoline('/opt/matlab2012apptrial/toolbox/distcomp/distcomp_evaluate_filetask.m',64,1)">distcomp_evaluate_filetask at 64</a>} 
 evolution: coils have been normalized.
 evolution: using coil state as destination filter...
 evolution: trying to reduce the problem dimension...
  reduce: no symmetry information available.
  reduce: subspace #1, attempting zero track elimination...
   zte: dropping states with amplitudes below 1e-24 within the first 1.2582e-08 seconds of the trajectory.
   zte: 16 steps taken, 7.8637e-10 seconds each.
   zte: old active space dimension 3145728
   zte: new active space dimension 771205
  reduce: path-tracing subspace #1...
   path_trace: found 1 independent subspace(s) of dimension 1
   path_trace: found 1 independent subspace(s) of dimension 771204
  reduce: dropped 1 empty subspaces with a total dimension of 1
 evolution: propagating the system...
 evolution: WARNING - Krylov propagation used in subspace #1
parfor computation time: 5354.253533.4 s
