Adding user `jotelha' to group `rdma' ...
Adding user jotelha to group rdma
Done.
Node file: /var/spool/torque/aux//37953.torque.physik.fu-berlin.de
Starting SMPD on n018 n024 n034 n036 n037 n039 n040 n041  ...
ssh n018 "/opt/matlab2012apptrial/bin/mw_smpd" -s -phrase MATLAB -port 27953
ssh n024 "/opt/matlab2012apptrial/bin/mw_smpd" -s -phrase MATLAB -port 27953
ssh n034 "/opt/matlab2012apptrial/bin/mw_smpd" -s -phrase MATLAB -port 27953
ssh n036 "/opt/matlab2012apptrial/bin/mw_smpd" -s -phrase MATLAB -port 27953
ssh n037 "/opt/matlab2012apptrial/bin/mw_smpd" -s -phrase MATLAB -port 27953
ssh n039 "/opt/matlab2012apptrial/bin/mw_smpd" -s -phrase MATLAB -port 27953
ssh n040 "/opt/matlab2012apptrial/bin/mw_smpd" -s -phrase MATLAB -port 27953
ssh n041 "/opt/matlab2012apptrial/bin/mw_smpd" -s -phrase MATLAB -port 27953
All SMPDs launched
"/opt/matlab2012apptrial/bin/mw_mpiexec" -phrase MATLAB -port 27953 -l -n 8 -machinefile /var/spool/torque/aux//37953.torque.physik.fu-berlin.de -genvlist MDCE_DECODE_FUNCTION,MDCE_STORAGE_LOCATION,MDCE_STORAGE_CONSTRUCTOR,MDCE_JOB_LOCATION,MDCE_DEBUG,MDCE_SCHED_TYPE "/opt/matlab2012apptrial/bin/worker" -parallel
[5]                            < M A T L A B (R) >
[5]                  Copyright 1984-2012 The MathWorks, Inc.
[5]                    R2012a (7.14.0.739) 64-bit (glnxa64)
[5]                              February 9, 2012
[5]    ----------------------------------------------------
[5]	Your MATLAB license will expire in 12 days.
[5]	Please contact your system administrator or
[5]	MathWorks to renew this license.
[5]    ----------------------------------------------------
[0]                            < M A T L A B (R) >
[0]                  Copyright 1984-2012 The MathWorks, Inc.
[0]                    R2012a (7.14.0.739) 64-bit (glnxa64)
[0]                              February 9, 2012
[0]    ----------------------------------------------------
[0]	Your MATLAB license will expire in 12 days.
[0]	Please contact your system administrator or
[0]	MathWorks to renew this license.
[0]    ----------------------------------------------------
[3]                            < M A T L A B (R) >
[3]                  Copyright 1984-2012 The MathWorks, Inc.
[3]                    R2012a (7.14.0.739) 64-bit (glnxa64)
[3]                              February 9, 2012
[3]    ----------------------------------------------------
[3]	Your MATLAB license will expire in 12 days.
[3]	Please contact your system administrator or
[3]	MathWorks to renew this license.
[3]    ----------------------------------------------------
[3] 
[3]To get started, type one of these: helpwin, helpdesk, or demo.
[3]For product information, visit www.mathworks.com.
[3] 
[0] 
[0]To get started, type one of these: helpwin, helpdesk, or demo.
[0]For product information, visit www.mathworks.com.
[0] 
[5] 
[5]To get started, type one of these: helpwin, helpdesk, or demo.
[5]For product information, visit www.mathworks.com.
[5] 
[4]                            < M A T L A B (R) >
[4]                  Copyright 1984-2012 The MathWorks, Inc.
[4]                    R2012a (7.14.0.739) 64-bit (glnxa64)
[4]                              February 9, 2012
[4]    ----------------------------------------------------
[4]	Your MATLAB license will expire in 12 days.
[4]	Please contact your system administrator or
[4]	MathWorks to renew this license.
[4]    ----------------------------------------------------
[2]                            < M A T L A B (R) >
[2]                  Copyright 1984-2012 The MathWorks, Inc.
[2]                    R2012a (7.14.0.739) 64-bit (glnxa64)
[2]                              February 9, 2012
[2]    ----------------------------------------------------
[2]	Your MATLAB license will expire in 12 days.
[2]	Please contact your system administrator or
[2]	MathWorks to renew this license.
[2]    ----------------------------------------------------
[4] 
[4]To get started, type one of these: helpwin, helpdesk, or demo.
[4]For product information, visit www.mathworks.com.
[4] 
[2] 
[2]To get started, type one of these: helpwin, helpdesk, or demo.
[2]For product information, visit www.mathworks.com.
[2] 
[7]                            < M A T L A B (R) >
[7]                  Copyright 1984-2012 The MathWorks, Inc.
[7]                    R2012a (7.14.0.739) 64-bit (glnxa64)
[7]                              February 9, 2012
[7]    ----------------------------------------------------
[7]	Your MATLAB license will expire in 12 days.
[7]	Please contact your system administrator or
[7]	MathWorks to renew this license.
[7]    ----------------------------------------------------
[7] 
[7]To get started, type one of these: helpwin, helpdesk, or demo.
[7]For product information, visit www.mathworks.com.
[7] 
[1]                            < M A T L A B (R) >
[1]                  Copyright 1984-2012 The MathWorks, Inc.
[1]                    R2012a (7.14.0.739) 64-bit (glnxa64)
[1]                              February 9, 2012
[1]    ----------------------------------------------------
[1]	Your MATLAB license will expire in 12 days.
[1]	Please contact your system administrator or
[1]	MathWorks to renew this license.
[1]    ----------------------------------------------------
[6]                            < M A T L A B (R) >
[6]                  Copyright 1984-2012 The MathWorks, Inc.
[6]                    R2012a (7.14.0.739) 64-bit (glnxa64)
[6]                              February 9, 2012
[6]    ----------------------------------------------------
[6]	Your MATLAB license will expire in 12 days.
[6]	Please contact your system administrator or
[6]	MathWorks to renew this license.
[6]    ----------------------------------------------------
[6] 
[6]To get started, type one of these: helpwin, helpdesk, or demo.
[6]For product information, visit www.mathworks.com.
[6] 
[1] 
[1]To get started, type one of these: helpwin, helpdesk, or demo.
[1]For product information, visit www.mathworks.com.
[1] 
[0]Sending a stop signal to all the labs...
[0]2012-05-15 21:01:55 | About to exit MATLAB normally

Stopping SMPD on  n018 n024 n034 n036 n037 n039 n040 n041 ...
ssh n018 "/opt/matlab2012apptrial/bin/mw_smpd" -shutdown -phrase MATLAB -port 27953
ssh n024 "/opt/matlab2012apptrial/bin/mw_smpd" -shutdown -phrase MATLAB -port 27953
ssh n034 "/opt/matlab2012apptrial/bin/mw_smpd" -shutdown -phrase MATLAB -port 27953
ssh n036 "/opt/matlab2012apptrial/bin/mw_smpd" -shutdown -phrase MATLAB -port 27953
ssh n037 "/opt/matlab2012apptrial/bin/mw_smpd" -shutdown -phrase MATLAB -port 27953
ssh n039 "/opt/matlab2012apptrial/bin/mw_smpd" -shutdown -phrase MATLAB -port 27953
ssh n040 "/opt/matlab2012apptrial/bin/mw_smpd" -shutdown -phrase MATLAB -port 27953
ssh n041 "/opt/matlab2012apptrial/bin/mw_smpd" -shutdown -phrase MATLAB -port 27953
Exiting with code: 0
